[LOG] SystemI::init                            : FMOD Studio Version: 00010800 (73592)
[LOG] SystemI::init                            : maxchannels = 1024, flags = 00030000, extradriverdata = 0x0
[LOG] SystemI::close                           : 
[LOG] SystemI::close                           : Stop all sounds
[LOG] SystemI::close                           : done.

[LOG] OutputCoreAudio::enumerate               : Enumerating...
[LOG] OutputCoreAudio::enumerate               : Found output driver: "Built-in Output".
[LOG] OutputCoreAudio::enumerate               : Found output driver: "HDMI".
[LOG] OutputCoreAudio::enumerate               : Found output driver: "USB Audio CODEC".
[LOG] OutputCoreAudio::enumerate               : Found output driver: "Soundflower (2ch)".
[LOG] OutputCoreAudio::enumerate               : Found output driver: "Soundflower (64ch)".
[LOG] OutputCoreAudio::enumerate               : Found output driver: "Pro Tools Aggregate I/O".
[LOG] OutputCoreAudio::enumerate               : Found output driver: "Rock Band II".
[LOG] OutputCoreAudio::enumerate               : Found output driver: "SKYPE MUSIC".
[LOG] OutputCoreAudio::enumerate               : Done.
[LOG] OutputCoreAudio::init                    : Output running 2 channels at 48000Hz sample rate.
[LOG] OutputCoreAudio::init                    : Maximum hardware read size: 1024 samples, Software buffer size: 512 samples, Number of software buffers: 4.
[LOG] Thread::initThread                       : Initializing FMOD mixer thread.  priority 3
[LOG] Thread::initThread                       : - Stacksize 49152.  Stack pointer 0x0 : usesemaphore = 1 : sleeptime = 0
[LOG] Thread::callback                         : * FMOD mixer thread started
[LOG] SystemI::init                            : Set up emulated output
[LOG] SystemI::init                            : create the channel pool
[LOG] Thread::initThread                       : Initializing FMOD stream thread.  priority 2
[LOG] Thread::initThread                       : - Stacksize 65536.  Stack pointer 0x0 : usesemaphore = 0 : sleeptime = 10
[LOG] Thread::callback                         : * FMOD stream thread started
[LOG] Thread::initThread                       : Initializing FMOD Studio update thread.  priority 0
[LOG] Thread::initThread                       : - Stacksize 65536.  Stack pointer 0x0 : usesemaphore = 0 : sleeptime = 1
[LOG] Thread::callback                         : * FMOD Studio update thread started
[LOG] Thread::initThread                       : Initializing FMOD Studio sample load thread.  priority 0
[LOG] Thread::initThread                       : - Stacksize 65536.  Stack pointer 0x0 : usesemaphore = 0 : sleeptime = 1
[LOG] Thread::callback                         : * FMOD Studio sample load thread started
[LOG] LiveUpdate::init                         : 
[LOG] Thread::initThread                       : Initializing FMOD Studio bank load thread.  priority 0
[LOG] Thread::initThread                       : - Stacksize 65536.  Stack pointer 0x0 : usesemaphore = 0 : sleeptime = 1
[LOG] Thread::callback                         : * FMOD Studio bank load thread started
[LOG] Profile::init                            : Profiler listening on port: 9264
[LOG] Manager::readBank                        : fileversion = 72, compatVersion = 70 (oldest = 44, newest = 72)
[LOG] Manager::readBank                        : fileversion = 72, compatVersion = 70 (oldest = 44, newest = 72)
[LOG] Manager::readBank                        : fileversion = 72, compatVersion = 70 (oldest = 44, newest = 72)
[LOG] Manager::readBank                        : fileversion = 72, compatVersion = 70 (oldest = 44, newest = 72)
[LOG] Manager::readBank                        : fileversion = 72, compatVersion = 70 (oldest = 44, newest = 72)
[LOG] Manager::readBank                        : fileversion = 72, compatVersion = 70 (oldest = 44, newest = 72)
[LOG] Manager::readBank                        : fileversion = 72, compatVersion = 70 (oldest = 44, newest = 72)
[LOG] SystemI::createSound                     : filename = /Users/AlexRamirez/Documents/10mo Sem/Videojuegos/VideojuegoSegundoCorte/VideojuegoSegundoCorte/Assets/SesionFMOD/FmodVideojuego2/Build/Desktop/Grupo 4.bank : mode 0a010082
[LOG] SystemI::createSound                     : FMOD_NONBLOCKING specified.  Putting into queue to be opened asynchronously!
[LOG] SystemI::createSound                     : setdata soundi = 0x1527ad468 : node = 0x152727400
[LOG] SystemI::createSound                     : add node to async list : head = 0x12cbda4f0.  list count = 0
[LOG] AsyncThread::threadFunc                  : Starting Asynchronous operation on sound 0x1527ad468
[LOG] SystemI::createSoundInternal             :     filename = /Users/AlexRamirez/Documents/10mo Sem/Videojuegos/VideojuegoSegundoCorte/VideojuegoSegundoCorte/Assets/SesionFMOD/FmodVideojuego2/Build/Desktop/Grupo 4.bank : mode 0a010082
[LOG] SystemI::createSound                     :     filename = /Users/AlexRamirez/Documents/10mo Sem/Videojuegos/VideojuegoSegundoCorte/VideojuegoSegundoCorte/Assets/SesionFMOD/FmodVideojuego2/Build/Desktop/Grupo 4.bank : mode 0a010082
[LOG] SystemI::createSoundInternal             :     exinfo->cbsize             = 232
[LOG] SystemI::createSoundInternal             :     exinfo->length             = 2640736
[LOG] SystemI::createSoundInternal             :     exinfo->fileoffset         = 7456
[LOG] SystemI::createSound                     :     FMOD_NONBLOCKING specified.  Putting into queue to be opened asynchronously!
[LOG] SystemI::createSoundInternal             :     exinfo->numsubsounds       = 1
[LOG] SystemI::createSoundInternal             :     exinfo->inclusionlist      = 0x152727518
[LOG] SystemI::createSoundInternal             :     exinfo->inclusionlistnum   = 1
[LOG] SystemI::createSoundInternal             :     exinfo->suggestedsoundtype = 5
[LOG] SystemI::createSoundInternal             :     exinfo->initialseekpostype = 1
[LOG] SystemI::createSound                     :     setdata soundi = 0x12cb1d278 : node = 0x12cb1d430
[LOG] SystemI::createSound                     :     add node to async list : head = 0x12cbda4f0.  list count = 0
[LOG] SystemI::createSoundInternal             :     Format has 1 subsounds.
[LOG] SystemI::createSoundInternal             :     Create as FMOD_CREATESTREAM
[LOG] SystemI::createSound                     :     filename = /Users/AlexRamirez/Documents/10mo Sem/Videojuegos/VideojuegoSegundoCorte/VideojuegoSegundoCorte/Assets/SesionFMOD/FmodVideojuego2/Build/Desktop/Grupo 4.bank : mode 0a010082
[LOG] System::createSoundInternal              :     decode buffersize = 19200 : blocksize = 256 : format = 2
[LOG] SystemI::createSound                     :     FMOD_NONBLOCKING specified.  Putting into queue to be opened asynchronously!
[LOG] SystemI::createSample                    :     mode 0a010082 length 19200 samples, lengthbytes 247232
[LOG] SystemI::createSound                     :     setdata soundi = 0x12cba6c78 : node = 0x12cba6e30
[LOG] SystemI::createSample                    :     channels = 2
[LOG] SystemI::createSound                     :     add node to async list : head = 0x12cbda4f0.  list count = 1
[LOG] SystemI::createSample                    :     output = 0x13dcd2fa8
[LOG] SystemI::createSound                     :     filename = /Users/AlexRamirez/Documents/10mo Sem/Videojuegos/VideojuegoSegundoCorte/VideojuegoSegundoCorte/Assets/SesionFMOD/FmodVideojuego2/Build/Desktop/Grupo 4.bank : mode 0a010082
[LOG] OutputSoftware::createSample             :     lengthpcm 19200, lengthbytes 247232, channels 2, format 2, freq 48000, mode 0a01008a
[LOG] SystemI::createSound                     :     FMOD_NONBLOCKING specified.  Putting into queue to be opened asynchronously!
[LOG] System::createSoundInternal              :     1 subsounds detected.
[LOG] System::createSoundInternal              :     Seek stream to start
[LOG] SystemI::createSound                     :     setdata soundi = 0x1527877d8 : node = 0x152787990
[LOG] SystemI::createSound                     :     add node to async list : head = 0x12cbda4f0.  list count = 2
[LOG] System::createSoundInternal              :     flush stream buffer
[LOG] SystemI::createSound                     :     filename = /Users/AlexRamirez/Documents/10mo Sem/Videojuegos/VideojuegoSegundoCorte/VideojuegoSegundoCorte/Assets/SesionFMOD/FmodVideojuego2/Build/Desktop/Grupo 4.bank : mode 0a010082
[LOG] SystemI::createSound                     :     FMOD_NONBLOCKING specified.  Putting into queue to be opened asynchronously!
[LOG] System::createSoundInternal              :     flush successful.
[LOG] System::createSoundInternal              :     switch file handle from small blocking single buffered to large nonblocking doublebuffered.
[LOG] SystemI::createSound                     :     setdata soundi = 0x12cb1cc58 : node = 0x13dcf6490
[LOG] SystemI::createSoundInternal             :     done.  OpenState now = FMOD_OPENSTATE_READY.

[LOG] SystemI::createSound                     :     add node to async list : head = 0x12cbda4f0.  list count = 3
[LOG] AsyncThread::threadFunc                  : Finished Asynchronous operation on sound 0x1527ad468
[LOG] AsyncThread::threadFunc                  : Starting Asynchronous operation on sound 0x12cb1d278
[LOG] SystemI::createSound                     : filename = /Users/AlexRamirez/Documents/10mo Sem/Videojuegos/VideojuegoSegundoCorte/VideojuegoSegundoCorte/Assets/SesionFMOD/FmodVideojuego2/Build/Desktop/Grupo 4.bank : mode 0a010082
[LOG] SystemI::createSoundInternal             :     filename = /Users/AlexRamirez/Documents/10mo Sem/Videojuegos/VideojuegoSegundoCorte/VideojuegoSegundoCorte/Assets/SesionFMOD/FmodVideojuego2/Build/Desktop/Grupo 4.bank : mode 0a010082
[LOG] SystemI::createSound                     :     FMOD_NONBLOCKING specified.  Putting into queue to be opened asynchronously!
[LOG] SystemI::createSoundInternal             :     exinfo->cbsize             = 232
[LOG] SystemI::createSound                     :     setdata soundi = 0x12cb24358 : node = 0x12cb24510
[LOG] SystemI::createSoundInternal             :     exinfo->length             = 2640736
[LOG] SystemI::createSound                     :     add node to async list : head = 0x12cbda4f0.  list count = 3
[LOG] SystemI::createSoundInternal             :     exinfo->fileoffset         = 7456
[LOG] SystemI::createSoundInternal             :     exinfo->numsubsounds       = 1
[LOG] SystemI::createSound                     :     filename = /Users/AlexRamirez/Documents/10mo Sem/Videojuegos/VideojuegoSegundoCorte/VideojuegoSegundoCorte/Assets/SesionFMOD/FmodVideojuego2/Build/Desktop/Grupo 4.bank : mode 0a010082
[LOG] SystemI::createSoundInternal             :     exinfo->inclusionlist      = 0x12cb1d548
[LOG] SystemI::createSound                     :     FMOD_NONBLOCKING specified.  Putting into queue to be opened asynchronously!
[LOG] SystemI::createSoundInternal             :     exinfo->inclusionlistnum   = 1
[LOG] SystemI::createSound                     :     setdata soundi = 0x15275fb68 : node = 0x15275fd20
[LOG] SystemI::createSoundInternal             :     exinfo->suggestedsoundtype = 5
[LOG] SystemI::createSound                     :     add node to async list : head = 0x12cbda4f0.  list count = 4
[LOG] SystemI::createSoundInternal             :     exinfo->initialseekpostype = 1
[LOG] SystemI::createSound                     :     filename = /Users/AlexRamirez/Documents/10mo Sem/Videojuegos/VideojuegoSegundoCorte/VideojuegoSegundoCorte/Assets/SesionFMOD/FmodVideojuego2/Build/Desktop/Grupo 4.bank : mode 0a010082
[LOG] SystemI::createSoundInternal             :     Format has 1 subsounds.
[LOG] SystemI::createSound                     :     FMOD_NONBLOCKING specified.  Putting into queue to be opened asynchronously!
[LOG] SystemI::createSoundInternal             :     Create as FMOD_CREATESTREAM
[LOG] System::createSoundInternal              :     decode buffersize = 19200 : blocksize = 256 : format = 2
[LOG] SystemI::createSound                     :     setdata soundi = 0x1595b86f8 : node = 0x1595e5e20
[LOG] SystemI::createSample                    :     mode 0a010082 length 19200 samples, lengthbytes 1826080
[LOG] SystemI::createSound                     :     add node to async list : head = 0x12cbda4f0.  list count = 5
[LOG] SystemI::createSample                    :     channels = 2
[LOG] SystemI::createSample                    :     output = 0x13dcd2fa8
[LOG] SystemI::createSound                     :     filename = /Users/AlexRamirez/Documents/10mo Sem/Videojuegos/VideojuegoSegundoCorte/VideojuegoSegundoCorte/Assets/SesionFMOD/FmodVideojuego2/Build/Desktop/Grupo 4.bank : mode 0a010082
[LOG] OutputSoftware::createSample             :     lengthpcm 19200, lengthbytes 1826080, channels 2, format 2, freq 48000, mode 0a01008a
[LOG] SystemI::createSound                     :     FMOD_NONBLOCKING specified.  Putting into queue to be opened asynchronously!
[LOG] System::createSoundInternal              :     1 subsounds detected.
[LOG] System::createSoundInternal              :     Seek stream to start
[LOG] SystemI::createSound                     :     setdata soundi = 0x13dc61da8 : node = 0x12cb1d080
[LOG] SystemI::createSound                     :     add node to async list : head = 0x12cbda4f0.  list count = 6
[LOG] System::createSoundInternal              :     flush stream buffer
[LOG] SystemI::createSound                     :     filename = /Users/AlexRamirez/Documents/10mo Sem/Videojuegos/VideojuegoSegundoCorte/VideojuegoSegundoCorte/Assets/SesionFMOD/FmodVideojuego2/Build/Desktop/Grupo 4.bank : mode 0a010082
[LOG] SystemI::createSound                     :     FMOD_NONBLOCKING specified.  Putting into queue to be opened asynchronously!
[LOG] System::createSoundInternal              :     flush successful.
[LOG] System::createSoundInternal              :     switch file handle from small blocking single buffered to large nonblocking doublebuffered.
[LOG] SystemI::createSound                     :     setdata soundi = 0x1595b9168 : node = 0x159582db0
[LOG] SystemI::createSound                     :     add node to async list : head = 0x12cbda4f0.  list count = 7
[LOG] SystemI::createSound                     :     filename = /Users/AlexRamirez/Documents/10mo Sem/Videojuegos/VideojuegoSegundoCorte/VideojuegoSegundoCorte/Assets/SesionFMOD/FmodVideojuego2/Build/Desktop/Grupo 4.bank : mode 0a010082
[LOG] SystemI::createSoundInternal             :     done.  OpenState now = FMOD_OPENSTATE_READY.

[LOG] AsyncThread::threadFunc                  : Finished Asynchronous operation on sound 0x12cb1d278
[LOG] SystemI::createSound                     :     FMOD_NONBLOCKING specified.  Putting into queue to be opened asynchronously!
[LOG] AsyncThread::threadFunc                  : Starting Asynchronous operation on sound 0x12cba6c78
[LOG] SystemI::createSound                     : setdata soundi = 0x10a918628 : node = 0x10a9187e0
[LOG] SystemI::createSoundInternal             :     filename = /Users/AlexRamirez/Documents/10mo Sem/Videojuegos/VideojuegoSegundoCorte/VideojuegoSegundoCorte/Assets/SesionFMOD/FmodVideojuego2/Build/Desktop/Grupo 4.bank : mode 0a010082
[LOG] SystemI::createSoundInternal             :     exinfo->cbsize             = 232
[LOG] SystemI::createSoundInternal             :     exinfo->length             = 2640736
[LOG] SystemI::createSoundInternal             :     exinfo->fileoffset         = 7456
[LOG] SystemI::createSoundInternal             :     exinfo->numsubsounds       = 1
[LOG] SystemI::createSoundInternal             :     exinfo->inclusionlist      = 0x12cba6f48
[LOG] SystemI::createSoundInternal             :     exinfo->inclusionlistnum   = 1
[LOG] SystemI::createSoundInternal             :     exinfo->suggestedsoundtype = 5
[LOG] SystemI::createSoundInternal             :     exinfo->initialseekpostype = 1
[LOG] SystemI::createSoundInternal             :     Format has 1 subsounds.
[LOG] SystemI::createSoundInternal             :     Create as FMOD_CREATESTREAM
[LOG] System::createSoundInternal              :     decode buffersize = 19200 : blocksize = 256 : format = 2
[LOG] SystemI::createSample                    :     mode 0a010082 length 19200 samples, lengthbytes 128192
[LOG] SystemI::createSample                    :     channels = 2
[LOG] SystemI::createSample                    :     output = 0x13dcd2fa8
[LOG] OutputSoftware::createSample             :     lengthpcm 19200, lengthbytes 128192, channels 2, format 2, freq 48000, mode 0a01008a
[LOG] SystemI::createSound                     :     add node to async list : head = 0x12cbda4f0.  list count = 7
[LOG] System::createSoundInternal              :     1 subsounds detected.
[LOG] System::createSoundInternal              :     Seek stream to start
[LOG] SystemI::createSound                     :     filename = /Users/AlexRamirez/Documents/10mo Sem/Videojuegos/VideojuegoSegundoCorte/VideojuegoSegundoCorte/Assets/SesionFMOD/FmodVideojuego2/Build/Desktop/Grupo 4.bank : mode 0a010082
[LOG] System::createSoundInternal              :     flush stream buffer
[LOG] SystemI::createSound                     :     FMOD_NONBLOCKING specified.  Putting into queue to be opened asynchronously!
[LOG] SystemI::createSound                     :     setdata soundi = 0x12cb34fd8 : node = 0x13dcfbb20
[LOG] SystemI::createSound                     :     add node to async list : head = 0x12cbda4f0.  list count = 8
[LOG] SystemI::createSound                     :     filename = /Users/AlexRamirez/Documents/10mo Sem/Videojuegos/VideojuegoSegundoCorte/VideojuegoSegundoCorte/Assets/SesionFMOD/FmodVideojuego2/Build/Desktop/Grupo 4.bank : mode 0a010082
[LOG] System::createSoundInternal              :     flush successful.
[LOG] System::createSoundInternal              :     switch file handle from small blocking single buffered to large nonblocking doublebuffered.
[LOG] SystemI::createSound                     :     FMOD_NONBLOCKING specified.  Putting into queue to be opened asynchronously!
[LOG] SystemI::createSound                     :     setdata soundi = 0x159584808 : node = 0x159584360
[LOG] SystemI::createSoundInternal             :     done.  OpenState now = FMOD_OPENSTATE_READY.

[LOG] AsyncThread::threadFunc                  : Finished Asynchronous operation on sound 0x12cba6c78
[LOG] SystemI::createSound                     : add node to async list : head = 0x12cbda4f0.  list count = 9
[LOG] AsyncThread::threadFunc                  : Starting Asynchronous operation on sound 0x1527877d8
[LOG] SystemI::createSoundInternal             :     filename = /Users/AlexRamirez/Documents/10mo Sem/Videojuegos/VideojuegoSegundoCorte/VideojuegoSegundoCorte/Assets/SesionFMOD/FmodVideojuego2/Build/Desktop/Grupo 4.bank : mode 0a010082
[LOG] SystemI::createSound                     :     filename = /Users/AlexRamirez/Documents/10mo Sem/Videojuegos/VideojuegoSegundoCorte/VideojuegoSegundoCorte/Assets/SesionFMOD/FmodVideojuego2/Build/Desktop/Grupo 4.bank : mode 0a010082
[LOG] SystemI::createSoundInternal             :     exinfo->cbsize             = 232
[LOG] SystemI::createSound                     :     FMOD_NONBLOCKING specified.  Putting into queue to be opened asynchronously!
[LOG] SystemI::createSoundInternal             :     exinfo->length             = 2640736
[LOG] SystemI::createSoundInternal             :     exinfo->fileoffset         = 7456
[LOG] SystemI::createSound                     :     setdata soundi = 0x152750e68 : node = 0x152788200
[LOG] SystemI::createSoundInternal             :     exinfo->numsubsounds       = 1
[LOG] SystemI::createSoundInternal             :     exinfo->inclusionlist      = 0x152787aa8
[LOG] SystemI::createSound                     :     add node to async list : head = 0x12cbda4f0.  list count = 9
[LOG] SystemI::createSoundInternal             :     exinfo->inclusionlistnum   = 1
[LOG] SystemI::createSoundInternal             :     exinfo->suggestedsoundtype = 5
[LOG] SystemI::createSoundInternal             :     exinfo->initialseekpostype = 1
[LOG] SystemI::createSound                     :     filename = /Users/AlexRamirez/Documents/10mo Sem/Videojuegos/VideojuegoSegundoCorte/VideojuegoSegundoCorte/Assets/SesionFMOD/FmodVideojuego2/Build/Desktop/Grupo 4.bank : mode 0a010082
[LOG] SystemI::createSound                     :     FMOD_NONBLOCKING specified.  Putting into queue to be opened asynchronously!
[LOG] SystemI::createSoundInternal             :     Format has 1 subsounds.
[LOG] SystemI::createSoundInternal             :     Create as FMOD_CREATESTREAM
[LOG] SystemI::createSound                     :     setdata soundi = 0x152adbc68 : node = 0x152a01780
[LOG] System::createSoundInternal              :     decode buffersize = 19200 : blocksize = 256 : format = 2
[LOG] SystemI::createSample                    :     mode 0a010082 length 19200 samples, lengthbytes 1826080
[LOG] SystemI::createSound                     :     add node to async list : head = 0x12cbda4f0.  list count = 10
[LOG] SystemI::createSample                    :     channels = 2
[LOG] SystemI::createSample                    :     output = 0x13dcd2fa8
[LOG] SystemI::createSound                     :     filename = /Users/AlexRamirez/Documents/10mo Sem/Videojuegos/VideojuegoSegundoCorte/VideojuegoSegundoCorte/Assets/SesionFMOD/FmodVideojuego2/Build/Desktop/Grupo 4.bank : mode 0a010082
[LOG] OutputSoftware::createSample             :     lengthpcm 19200, lengthbytes 1826080, channels 2, format 2, freq 48000, mode 0a01008a
[LOG] SystemI::createSound                     :     FMOD_NONBLOCKING specified.  Putting into queue to be opened asynchronously!
[LOG] System::createSoundInternal              :     1 subsounds detected.
[LOG] System::createSoundInternal              :     Seek stream to start
[LOG] SystemI::createSound                     :     setdata soundi = 0x13dc546c8 : node = 0x13dc54880
[LOG] System::createSoundInternal              :     flush stream buffer
[LOG] SystemI::createSound                     :     add node to async list : head = 0x12cbda4f0.  list count = 11
[LOG] SystemI::createSound                     :     filename = /Users/AlexRamirez/Documents/10mo Sem/Videojuegos/VideojuegoSegundoCorte/VideojuegoSegundoCorte/Assets/SesionFMOD/FmodVideojuego2/Build/Desktop/Grupo 4.bank : mode 0a010082
[LOG] SystemI::createSound                     :     FMOD_NONBLOCKING specified.  Putting into queue to be opened asynchronously!
[LOG] System::createSoundInternal              :     flush successful.
[LOG] SystemI::createSound                     :     setdata soundi = 0x13dc464a8 : node = 0x13dc46660
[LOG] System::createSoundInternal              :     switch file handle from small blocking single buffered to large nonblocking doublebuffered.
[LOG] SystemI::createSound                     :     add node to async list : head = 0x12cbda4f0.  list count = 12
[LOG] SystemI::createSoundInternal             :     done.  OpenState now = FMOD_OPENSTATE_READY.

[LOG] SystemI::createSound                     :     filename = /Users/AlexRamirez/Documents/10mo Sem/Videojuegos/VideojuegoSegundoCorte/VideojuegoSegundoCorte/Assets/SesionFMOD/FmodVideojuego2/Build/Desktop/Grupo 4.bank : mode 0a010082
[LOG] AsyncThread::threadFunc                  : Finished Asynchronous operation on sound 0x1527877d8
[LOG] SystemI::createSound                     : FMOD_NONBLOCKING specified.  Putting into queue to be opened asynchronously!
[LOG] AsyncThread::threadFunc                  : Starting Asynchronous operation on sound 0x12cb1cc58
[LOG] SystemI::createSound                     : setdata soundi = 0x10abd28d8 : node = 0x10abd1e20
[LOG] SystemI::createSoundInternal             :     filename = /Users/AlexRamirez/Documents/10mo Sem/Videojuegos/VideojuegoSegundoCorte/VideojuegoSegundoCorte/Assets/SesionFMOD/FmodVideojuego2/Build/Desktop/Grupo 4.bank : mode 0a010082
[LOG] SystemI::createSound                     :     add node to async list : head = 0x12cbda4f0.  list count = 12
[LOG] SystemI::createSoundInternal             :     exinfo->cbsize             = 232
[LOG] SystemI::createSoundInternal             :     exinfo->length             = 2640736
[LOG] SystemI::createSoundInternal             :     exinfo->fileoffset         = 7456
[LOG] SystemI::createSound                     :     filename = /Users/AlexRamirez/Documents/10mo Sem/Videojuegos/VideojuegoSegundoCorte/VideojuegoSegundoCorte/Assets/SesionFMOD/FmodVideojuego2/Build/Desktop/Grupo 4.bank : mode 0a010082
[LOG] SystemI::createSoundInternal             :     exinfo->numsubsounds       = 1
[LOG] SystemI::createSoundInternal             :     exinfo->inclusionlist      = 0x13dcf65a8
[LOG] SystemI::createSound                     :     FMOD_NONBLOCKING specified.  Putting into queue to be opened asynchronously!
[LOG] SystemI::createSoundInternal             :     exinfo->inclusionlistnum   = 1
[LOG] SystemI::createSound                     :     setdata soundi = 0x10abd26c8 : node = 0x10abd2190
[LOG] SystemI::createSoundInternal             :     exinfo->suggestedsoundtype = 5
[LOG] SystemI::createSound                     :     add node to async list : head = 0x12cbda4f0.  list count = 13
[LOG] SystemI::createSoundInternal             :     exinfo->initialseekpostype = 1
[LOG] SystemI::createSound                     :     filename = /Users/AlexRamirez/Documents/10mo Sem/Videojuegos/VideojuegoSegundoCorte/VideojuegoSegundoCorte/Assets/SesionFMOD/FmodVideojuego2/Build/Desktop/Grupo 4.bank : mode 0a010082
[LOG] SystemI::createSound                     :     FMOD_NONBLOCKING specified.  Putting into queue to be opened asynchronously!
[LOG] SystemI::createSoundInternal             :     Format has 1 subsounds.
[LOG] SystemI::createSound                     :     setdata soundi = 0x13dcf87a8 : node = 0x12cb48f70
[LOG] SystemI::createSoundInternal             :     Create as FMOD_CREATESTREAM
[LOG] System::createSoundInternal              :     decode buffersize = 19200 : blocksize = 256 : format = 2
[LOG] SystemI::createSound                     :     add node to async list : head = 0x12cbda4f0.  list count = 14
[LOG] SystemI::createSample                    :     mode 0a010082 length 19200 samples, lengthbytes 128192
[LOG] SystemI::createSample                    :     channels = 2
[LOG] SystemI::createSound                     :     filename = /Users/AlexRamirez/Documents/10mo Sem/Videojuegos/VideojuegoSegundoCorte/VideojuegoSegundoCorte/Assets/SesionFMOD/FmodVideojuego2/Build/Desktop/Grupo 4.bank : mode 0a010082
[LOG] SystemI::createSample                    :     output = 0x13dcd2fa8
[LOG] SystemI::createSound                     :     FMOD_NONBLOCKING specified.  Putting into queue to be opened asynchronously!
[LOG] OutputSoftware::createSample             :     lengthpcm 19200, lengthbytes 128192, channels 2, format 2, freq 48000, mode 0a01008a
[LOG] SystemI::createSound                     :     setdata soundi = 0x10abcefb8 : node = 0x10abcdfb0
[LOG] System::createSoundInternal              :     1 subsounds detected.
[LOG] SystemI::createSound                     :     add node to async list : head = 0x12cbda4f0.  list count = 15
[LOG] System::createSoundInternal              :     Seek stream to start
[LOG] SystemI::createSound                     :     filename = /Users/AlexRamirez/Documents/10mo Sem/Videojuegos/VideojuegoSegundoCorte/VideojuegoSegundoCorte/Assets/SesionFMOD/FmodVideojuego2/Build/Desktop/Grupo 4.bank : mode 0a010082
[LOG] System::createSoundInternal              :     flush stream buffer
[LOG] SystemI::createSound                     :     FMOD_NONBLOCKING specified.  Putting into queue to be opened asynchronously!
[LOG] SystemI::createSound                     :     setdata soundi = 0x15278af98 : node = 0x15278b150
[LOG] SystemI::createSound                     :     add node to async list : head = 0x12cbda4f0.  list count = 16
[LOG] SystemI::createSound                     :     filename = /Users/AlexRamirez/Documents/10mo Sem/Videojuegos/VideojuegoSegundoCorte/VideojuegoSegundoCorte/Assets/SesionFMOD/FmodVideojuego2/Build/Desktop/Grupo 4.bank : mode 0a010082
[LOG] SystemI::createSound                     :     FMOD_NONBLOCKING specified.  Putting into queue to be opened asynchronously!
[LOG] SystemI::createSound                     :     setdata soundi = 0x15278ac38 : node = 0x15278adf0
[LOG] System::createSoundInternal              :     flush successful.
[LOG] System::createSoundInternal              :     switch file handle from small blocking single buffered to large nonblocking doublebuffered.
[LOG] SystemI::createSound                     :     add node to async list : head = 0x12cbda4f0.  list count = 17
[LOG] SystemI::createSoundInternal             :     done.  OpenState now = FMOD_OPENSTATE_READY.

[LOG] SystemI::createSound                     :     filename = /Users/AlexRamirez/Documents/10mo Sem/Videojuegos/VideojuegoSegundoCorte/VideojuegoSegundoCorte/Assets/SesionFMOD/FmodVideojuego2/Build/Desktop/Grupo 4.bank : mode 0a010082
[LOG] AsyncThread::threadFunc                  : Finished Asynchronous operation on sound 0x12cb1cc58
[LOG] SystemI::createSound                     : FMOD_NONBLOCKING specified.  Putting into queue to be opened asynchronously!
[LOG] AsyncThread::threadFunc                  : Starting Asynchronous operation on sound 0x12cb24358
[LOG] SystemI::createSound                     : setdata soundi = 0x10abc9f38 : node = 0x10abcd1b0
[LOG] SystemI::createSoundInternal             :     filename = /Users/AlexRamirez/Documents/10mo Sem/Videojuegos/VideojuegoSegundoCorte/VideojuegoSegundoCorte/Assets/SesionFMOD/FmodVideojuego2/Build/Desktop/Grupo 4.bank : mode 0a010082
[LOG] SystemI::createSound                     :     add node to async list : head = 0x12cbda4f0.  list count = 17
[LOG] SystemI::createSoundInternal             :     exinfo->cbsize             = 232
[LOG] SystemI::createSound                     :     filename = /Users/AlexRamirez/Documents/10mo Sem/Videojuegos/VideojuegoSegundoCorte/VideojuegoSegundoCorte/Assets/SesionFMOD/FmodVideojuego2/Build/Desktop/Grupo 4.bank : mode 0a010082
[LOG] SystemI::createSoundInternal             :     exinfo->length             = 2640736
[LOG] SystemI::createSound                     :     FMOD_NONBLOCKING specified.  Putting into queue to be opened asynchronously!
[LOG] SystemI::createSoundInternal             :     exinfo->fileoffset         = 7456
[LOG] SystemI::createSound                     :     setdata soundi = 0x10a9fbc78 : node = 0x10a9fbe30
[LOG] SystemI::createSoundInternal             :     exinfo->numsubsounds       = 1
[LOG] SystemI::createSound                     :     add node to async list : head = 0x12cbda4f0.  list count = 18
[LOG] SystemI::createSoundInternal             :     exinfo->inclusionlist      = 0x12cb24628
[LOG] SystemI::createSound                     :     filename = /Users/AlexRamirez/Documents/10mo Sem/Videojuegos/VideojuegoSegundoCorte/VideojuegoSegundoCorte/Assets/SesionFMOD/FmodVideojuego2/Build/Desktop/Grupo 4.bank : mode 0a010082
[LOG] SystemI::createSoundInternal             :     exinfo->inclusionlistnum   = 1
[LOG] SystemI::createSoundInternal             :     exinfo->suggestedsoundtype = 5
[LOG] SystemI::createSound                     :     FMOD_NONBLOCKING specified.  Putting into queue to be opened asynchronously!
[LOG] SystemI::createSoundInternal             :     exinfo->initialseekpostype = 1
[LOG] SystemI::createSoundInternal             :     Format has 1 subsounds.
[LOG] SystemI::createSound                     :     setdata soundi = 0x15278b838 : node = 0x152715420
[LOG] SystemI::createSoundInternal             :     Create as FMOD_CREATESTREAM
[LOG] System::createSoundInternal              :     decode buffersize = 19200 : blocksize = 256 : format = 2
[LOG] SystemI::createSound                     :     add node to async list : head = 0x12cbda4f0.  list count = 19
[LOG] SystemI::createSample                    :     mode 0a010082 length 19200 samples, lengthbytes 1826080
[LOG] SystemI::createSample                    :     channels = 2
[LOG] SystemI::createSample                    :     output = 0x13dcd2fa8
[LOG] SystemI::createSound                     :     filename = /Users/AlexRamirez/Documents/10mo Sem/Videojuegos/VideojuegoSegundoCorte/VideojuegoSegundoCorte/Assets/SesionFMOD/FmodVideojuego2/Build/Desktop/Grupo 4.bank : mode 0a010082
[LOG] OutputSoftware::createSample             :     lengthpcm 19200, lengthbytes 1826080, channels 2, format 2, freq 48000, mode 0a01008a
[LOG] SystemI::createSound                     :     FMOD_NONBLOCKING specified.  Putting into queue to be opened asynchronously!
[LOG] System::createSoundInternal              :     1 subsounds detected.
[LOG] SystemI::createSound                     :     setdata soundi = 0x10abc5618 : node = 0x10abc57d0
[LOG] System::createSoundInternal              :     Seek stream to start
[LOG] System::createSoundInternal              :     flush stream buffer
[LOG] SystemI::createSound                     :     add node to async list : head = 0x12cbda4f0.  list count = 20
[LOG] SystemI::createSound                     :     filename = /Users/AlexRamirez/Documents/10mo Sem/Videojuegos/VideojuegoSegundoCorte/VideojuegoSegundoCorte/Assets/SesionFMOD/FmodVideojuego2/Build/Desktop/Grupo 4.bank : mode 0a010082
[LOG] SystemI::createSound                     :     FMOD_NONBLOCKING specified.  Putting into queue to be opened asynchronously!
[LOG] SystemI::createSound                     :     setdata soundi = 0x152a05778 : node = 0x152a61ac0
[LOG] SystemI::createSound                     :     add node to async list : head = 0x12cbda4f0.  list count = 21
[LOG] SystemI::createSound                     :     filename = /Users/AlexRamirez/Documents/10mo Sem/Videojuegos/VideojuegoSegundoCorte/VideojuegoSegundoCorte/Assets/SesionFMOD/FmodVideojuego2/Build/Desktop/Grupo 4.bank : mode 0a010082
[LOG] System::createSoundInternal              :     flush successful.
[LOG] SystemI::createSound                     :     FMOD_NONBLOCKING specified.  Putting into queue to be opened asynchronously!
[LOG] System::createSoundInternal              :     switch file handle from small blocking single buffered to large nonblocking doublebuffered.
[LOG] SystemI::createSound                     :     setdata soundi = 0x10abc1228 : node = 0x10abc54a0
[LOG] SystemI::createSoundInternal             :     done.  OpenState now = FMOD_OPENSTATE_READY.

[LOG] AsyncThread::threadFunc                  : Finished Asynchronous operation on sound 0x12cb24358
[LOG] SystemI::createSound                     : add node to async list : head = 0x12cbda4f0.  list count = 22
[LOG] AsyncThread::threadFunc                  : Starting Asynchronous operation on sound 0x15275fb68
[LOG] SystemI::createSound                     : filename = /Users/AlexRamirez/Documents/10mo Sem/Videojuegos/VideojuegoSegundoCorte/VideojuegoSegundoCorte/Assets/SesionFMOD/FmodVideojuego2/Build/Desktop/Grupo 4.bank : mode 0a010082
[LOG] SystemI::createSoundInternal             :     filename = /Users/AlexRamirez/Documents/10mo Sem/Videojuegos/VideojuegoSegundoCorte/VideojuegoSegundoCorte/Assets/SesionFMOD/FmodVideojuego2/Build/Desktop/Grupo 4.bank : mode 0a010082
[LOG] SystemI::createSound                     :     FMOD_NONBLOCKING specified.  Putting into queue to be opened asynchronously!
[LOG] SystemI::createSoundInternal             :     exinfo->cbsize             = 232
[LOG] SystemI::createSound                     :     setdata soundi = 0x10a9f3728 : node = 0x10a9f38e0
[LOG] SystemI::createSoundInternal             :     exinfo->length             = 2640736
[LOG] SystemI::createSound                     :     add node to async list : head = 0x12cbda4f0.  list count = 22
[LOG] SystemI::createSoundInternal             :     exinfo->fileoffset         = 7456
[LOG] SystemI::createSoundInternal             :     exinfo->numsubsounds       = 1
[LOG] SystemI::createSound                     :     filename = /Users/AlexRamirez/Documents/10mo Sem/Videojuegos/VideojuegoSegundoCorte/VideojuegoSegundoCorte/Assets/SesionFMOD/FmodVideojuego2/Build/Desktop/Grupo 4.bank : mode 0a010082
[LOG] SystemI::createSoundInternal             :     exinfo->inclusionlist      = 0x15275fe38
[LOG] SystemI::createSoundInternal             :     exinfo->inclusionlistnum   = 1
[LOG] SystemI::createSound                     :     FMOD_NONBLOCKING specified.  Putting into queue to be opened asynchronously!
[LOG] SystemI::createSoundInternal             :     exinfo->suggestedsoundtype = 5
[LOG] SystemI::createSoundInternal             :     exinfo->initialseekpostype = 1
[LOG] SystemI::createSound                     :     setdata soundi = 0x10abc13c8 : node = 0x10abc1580
[LOG] SystemI::createSoundInternal             :     Format has 1 subsounds.
[LOG] SystemI::createSound                     :     add node to async list : head = 0x12cbda4f0.  list count = 23
[LOG] SystemI::createSoundInternal             :     Create as FMOD_CREATESTREAM
[LOG] System::createSoundInternal              :     decode buffersize = 19200 : blocksize = 256 : format = 2
[LOG] SystemI::createSound                     :     filename = /Users/AlexRamirez/Documents/10mo Sem/Videojuegos/VideojuegoSegundoCorte/VideojuegoSegundoCorte/Assets/SesionFMOD/FmodVideojuego2/Build/Desktop/Grupo 4.bank : mode 0a010082
[LOG] SystemI::createSample                    :     mode 0a010082 length 19200 samples, lengthbytes 128192
[LOG] SystemI::createSample                    :     channels = 2
[LOG] SystemI::createSound                     :     FMOD_NONBLOCKING specified.  Putting into queue to be opened asynchronously!
[LOG] SystemI::createSample                    :     output = 0x13dcd2fa8
[LOG] OutputSoftware::createSample             :     lengthpcm 19200, lengthbytes 128192, channels 2, format 2, freq 48000, mode 0a01008a
[LOG] SystemI::createSound                     :     setdata soundi = 0x10abc16a8 : node = 0x10abc1860
[LOG] System::createSoundInternal              :     1 subsounds detected.
[LOG] SystemI::createSound                     :     add node to async list : head = 0x12cbda4f0.  list count = 24
[LOG] System::createSoundInternal              :     Seek stream to start
[LOG] SystemI::createSound                     :     filename = /Users/AlexRamirez/Documents/10mo Sem/Videojuegos/VideojuegoSegundoCorte/VideojuegoSegundoCorte/Assets/SesionFMOD/FmodVideojuego2/Build/Desktop/Grupo 4.bank : mode 0a010082
[LOG] System::createSoundInternal              :     flush stream buffer
[LOG] SystemI::createSound                     :     FMOD_NONBLOCKING specified.  Putting into queue to be opened asynchronously!
[LOG] SystemI::createSound                     :     setdata soundi = 0x10a9f7538 : node = 0x10a9f76f0
[LOG] SystemI::createSound                     :     add node to async list : head = 0x12cbda4f0.  list count = 25
[LOG] SystemI::createSound                     :     filename = /Users/AlexRamirez/Documents/10mo Sem/Videojuegos/VideojuegoSegundoCorte/VideojuegoSegundoCorte/Assets/SesionFMOD/FmodVideojuego2/Build/Desktop/Grupo 4.bank : mode 0a010082
[LOG] System::createSoundInternal              :     flush successful.
[LOG] System::createSoundInternal              :     switch file handle from small blocking single buffered to large nonblocking doublebuffered.
[LOG] SystemI::createSoundInternal             :     done.  OpenState now = FMOD_OPENSTATE_READY.

[LOG] AsyncThread::threadFunc                  : Finished Asynchronous operation on sound 0x15275fb68
[LOG] SystemI::createSound                     : FMOD_NONBLOCKING specified.  Putting into queue to be opened asynchronously!
[LOG] AsyncThread::threadFunc                  : Starting Asynchronous operation on sound 0x1595b86f8
[LOG] SystemI::createSound                     : setdata soundi = 0x10a9f6b88 : node = 0x10a9f6d40
[LOG] SystemI::createSoundInternal             :     filename = /Users/AlexRamirez/Documents/10mo Sem/Videojuegos/VideojuegoSegundoCorte/VideojuegoSegundoCorte/Assets/SesionFMOD/FmodVideojuego2/Build/Desktop/Grupo 4.bank : mode 0a010082
[LOG] SystemI::createSoundInternal             :     exinfo->cbsize             = 232
[LOG] SystemI::createSound                     :     add node to async list : head = 0x12cbda4f0.  list count = 25
[LOG] SystemI::createSoundInternal             :     exinfo->length             = 2640736
[LOG] SystemI::createSoundInternal             :     exinfo->fileoffset         = 7456
[LOG] SystemI::createSound                     :     filename = /Users/AlexRamirez/Documents/10mo Sem/Videojuegos/VideojuegoSegundoCorte/VideojuegoSegundoCorte/Assets/SesionFMOD/FmodVideojuego2/Build/Desktop/Grupo 4.bank : mode 0a010082
[LOG] SystemI::createSoundInternal             :     exinfo->numsubsounds       = 1
[LOG] SystemI::createSound                     :     FMOD_NONBLOCKING specified.  Putting into queue to be opened asynchronously!
[LOG] SystemI::createSoundInternal             :     exinfo->inclusionlist      = 0x1595e5f38
[LOG] SystemI::createSoundInternal             :     exinfo->inclusionlistnum   = 1
[LOG] SystemI::createSound                     :     setdata soundi = 0x10abc3768 : node = 0x10abc3920
[LOG] SystemI::createSoundInternal             :     exinfo->suggestedsoundtype = 5
[LOG] SystemI::createSoundInternal             :     exinfo->initialseekpostype = 1
[LOG] SystemI::createSound                     :     add node to async list : head = 0x12cbda4f0.  list count = 26
[LOG] SystemI::createSoundInternal             :     Format has 1 subsounds.
[LOG] SystemI::createSoundInternal             :     Create as FMOD_CREATESTREAM
[LOG] System::createSoundInternal              :     decode buffersize = 19200 : blocksize = 256 : format = 2
[LOG] SystemI::createSample                    :     mode 0a010082 length 19200 samples, lengthbytes 1826080
[LOG] SystemI::createSample                    :     channels = 2
[LOG] SystemI::createSound                     :     filename = /Users/AlexRamirez/Documents/10mo Sem/Videojuegos/VideojuegoSegundoCorte/VideojuegoSegundoCorte/Assets/SesionFMOD/FmodVideojuego2/Build/Desktop/Grupo 4.bank : mode 0a010082
[LOG] SystemI::createSample                    :     output = 0x13dcd2fa8
[LOG] SystemI::createSound                     :     FMOD_NONBLOCKING specified.  Putting into queue to be opened asynchronously!
[LOG] OutputSoftware::createSample             :     lengthpcm 19200, lengthbytes 1826080, channels 2, format 2, freq 48000, mode 0a01008a
[LOG] System::createSoundInternal              :     1 subsounds detected.
[LOG] SystemI::createSound                     :     setdata soundi = 0x10a9f80e8 : node = 0x10a9f82a0
[LOG] System::createSoundInternal              :     Seek stream to start
[LOG] System::createSoundInternal              :     flush stream buffer
[LOG] SystemI::createSound                     :     add node to async list : head = 0x12cbda4f0.  list count = 27
[LOG] SystemI::createSound                     :     filename = /Users/AlexRamirez/Documents/10mo Sem/Videojuegos/VideojuegoSegundoCorte/VideojuegoSegundoCorte/Assets/SesionFMOD/FmodVideojuego2/Build/Desktop/Grupo 4.bank : mode 0a010082
[LOG] SystemI::createSound                     :     FMOD_NONBLOCKING specified.  Putting into queue to be opened asynchronously!
[LOG] SystemI::createSound                     :     setdata soundi = 0x152a68078 : node = 0x152a68230
[LOG] SystemI::createSound                     :     add node to async list : head = 0x12cbda4f0.  list count = 28
[LOG] System::createSoundInternal              :     flush successful.
[LOG] SystemI::createSound                     :     filename = /Users/AlexRamirez/Documents/10mo Sem/Videojuegos/VideojuegoSegundoCorte/VideojuegoSegundoCorte/Assets/SesionFMOD/FmodVideojuego2/Build/Desktop/Grupo 4.bank : mode 0a010082
[LOG] System::createSoundInternal              :     switch file handle from small blocking single buffered to large nonblocking doublebuffered.
[LOG] SystemI::createSoundInternal             :     done.  OpenState now = FMOD_OPENSTATE_READY.

[LOG] AsyncThread::threadFunc                  : Finished Asynchronous operation on sound 0x1595b86f8
[LOG] AsyncThread::threadFunc                  : Starting Asynchronous operation on sound 0x13dc61da8
[LOG] SystemI::createSoundInternal             :     filename = /Users/AlexRamirez/Documents/10mo Sem/Videojuegos/VideojuegoSegundoCorte/VideojuegoSegundoCorte/Assets/SesionFMOD/FmodVideojuego2/Build/Desktop/Grupo 4.bank : mode 0a010082
[LOG] SystemI::createSoundInternal             :     exinfo->cbsize             = 232
[LOG] SystemI::createSoundInternal             :     exinfo->length             = 2640736
[LOG] SystemI::createSoundInternal             :     exinfo->fileoffset         = 7456
[LOG] SystemI::createSoundInternal             :     exinfo->numsubsounds       = 1
[LOG] SystemI::createSound                     :     FMOD_NONBLOCKING specified.  Putting into queue to be opened asynchronously!
[LOG] SystemI::createSoundInternal             :     exinfo->inclusionlist      = 0x12cb1d198
[LOG] SystemI::createSound                     :     setdata soundi = 0x10abc3c68 : node = 0x10abc3e20
[LOG] SystemI::createSoundInternal             :     exinfo->inclusionlistnum   = 1
[LOG] SystemI::createSound                     :     add node to async list : head = 0x12cbda4f0.  list count = 28
[LOG] SystemI::createSoundInternal             :     exinfo->suggestedsoundtype = 5
[LOG] SystemI::createSound                     :     filename = /Users/AlexRamirez/Documents/10mo Sem/Videojuegos/VideojuegoSegundoCorte/VideojuegoSegundoCorte/Assets/SesionFMOD/FmodVideojuego2/Build/Desktop/Grupo 4.bank : mode 0a010082
[LOG] SystemI::createSoundInternal             :     exinfo->initialseekpostype = 1
[LOG] SystemI::createSound                     :     FMOD_NONBLOCKING specified.  Putting into queue to be opened asynchronously!
[LOG] SystemI::createSoundInternal             :     Format has 1 subsounds.
[LOG] SystemI::createSound                     :     setdata soundi = 0x10aa6c908 : node = 0x10aa6cac0
[LOG] SystemI::createSoundInternal             :     Create as FMOD_CREATESTREAM
[LOG] SystemI::createSound                     :     add node to async list : head = 0x12cbda4f0.  list count = 29
[LOG] System::createSoundInternal              :     decode buffersize = 19200 : blocksize = 256 : format = 2
[LOG] SystemI::createSound                     :     filename = /Users/AlexRamirez/Documents/10mo Sem/Videojuegos/VideojuegoSegundoCorte/VideojuegoSegundoCorte/Assets/SesionFMOD/FmodVideojuego2/Build/Desktop/Grupo 4.bank : mode 0a010082
[LOG] SystemI::createSample                    :     mode 0a010082 length 19200 samples, lengthbytes 128192
[LOG] SystemI::createSample                    :     channels = 2
[LOG] SystemI::createSound                     :     FMOD_NONBLOCKING specified.  Putting into queue to be opened asynchronously!
[LOG] SystemI::createSample                    :     output = 0x13dcd2fa8
[LOG] OutputSoftware::createSample             :     lengthpcm 19200, lengthbytes 128192, channels 2, format 2, freq 48000, mode 0a01008a
[LOG] SystemI::createSound                     :     setdata soundi = 0x10a9f9018 : node = 0x10a9f7340
[LOG] System::createSoundInternal              :     1 subsounds detected.
[LOG] System::createSoundInternal              :     Seek stream to start
[LOG] SystemI::createSound                     :     add node to async list : head = 0x12cbda4f0.  list count = 30
[LOG] System::createSoundInternal              :     flush stream buffer
[LOG] SoundI::getSubSound                      :     sound 0x1527ad468.  Subsound index 0 / 1
[LOG] SoundI::getSubSound                      :     sound 0x12cb1d278.  Subsound index 0 / 1
[LOG] SoundI::getSubSound                      :     sound 0x12cba6c78.  Subsound index 0 / 1
[LOG] SoundI::getSubSound                      :     sound 0x1527877d8.  Subsound index 0 / 1
[LOG] System::createSoundInternal              :     flush successful.
[LOG] System::createSoundInternal              :     switch file handle from small blocking single buffered to large nonblocking doublebuffered.
[LOG] SystemI::createSoundInternal             :     done.  OpenState now = FMOD_OPENSTATE_READY.

[LOG] AsyncThread::threadFunc                  : Finished Asynchronous operation on sound 0x13dc61da8
[LOG] AsyncThread::threadFunc                  : Starting Asynchronous operation on sound 0x1595b9168
[LOG] SystemI::createSoundInternal             :     filename = /Users/AlexRamirez/Documents/10mo Sem/Videojuegos/VideojuegoSegundoCorte/VideojuegoSegundoCorte/Assets/SesionFMOD/FmodVideojuego2/Build/Desktop/Grupo 4.bank : mode 0a010082
[LOG] SystemI::createSoundInternal             :     exinfo->cbsize             = 232
[LOG] SystemI::createSoundInternal             :     exinfo->length             = 2640736
[LOG] SystemI::createSoundInternal             :     exinfo->fileoffset         = 7456
[LOG] SystemI::createSoundInternal             :     exinfo->numsubsounds       = 1
[LOG] SystemI::createSoundInternal             :     exinfo->inclusionlist      = 0x159582ec8
[LOG] SystemI::createSoundInternal             :     exinfo->inclusionlistnum   = 1
[LOG] SystemI::createSoundInternal             :     exinfo->suggestedsoundtype = 5
[LOG] SystemI::createSoundInternal             :     exinfo->initialseekpostype = 1
[LOG] SystemI::createSoundInternal             :     Format has 1 subsounds.
[LOG] SystemI::createSoundInternal             :     Create as FMOD_CREATESTREAM
[LOG] System::createSoundInternal              :     decode buffersize = 19200 : blocksize = 256 : format = 2
[LOG] SystemI::createSample                    :     mode 0a010082 length 19200 samples, lengthbytes 1826080
[LOG] SystemI::createSample                    :     channels = 2
[LOG] SystemI::createSample                    :     output = 0x13dcd2fa8
[LOG] OutputSoftware::createSample             :     lengthpcm 19200, lengthbytes 1826080, channels 2, format 2, freq 48000, mode 0a01008a
[LOG] System::createSoundInternal              :     1 subsounds detected.
[LOG] System::createSoundInternal              :     Seek stream to start
[LOG] System::createSoundInternal              :     flush stream buffer
[LOG] SoundI::getSubSound                      :     sound 0x12cb1cc58.  Subsound index 0 / 1
[LOG] SoundI::getSubSound                      :     sound 0x12cb24358.  Subsound index 0 / 1
[LOG] SoundI::getSubSound                      :     sound 0x15275fb68.  Subsound index 0 / 1
[LOG] System::createSoundInternal              :     flush successful.
[LOG] System::createSoundInternal              :     switch file handle from small blocking single buffered to large nonblocking doublebuffered.
[LOG] SystemI::createSoundInternal             :     done.  OpenState now = FMOD_OPENSTATE_READY.

[LOG] AsyncThread::threadFunc                  : Finished Asynchronous operation on sound 0x1595b9168
[LOG] AsyncThread::threadFunc                  : Starting Asynchronous operation on sound 0x10a918628
[LOG] SoundI::getSubSound                      : sound 0x1595b86f8.  Subsound index 0 / 1
[LOG] SystemI::createSoundInternal             :     filename = /Users/AlexRamirez/Documents/10mo Sem/Videojuegos/VideojuegoSegundoCorte/VideojuegoSegundoCorte/Assets/SesionFMOD/FmodVideojuego2/Build/Desktop/Grupo 4.bank : mode 0a010082
[LOG] SoundI::getSubSound                      :     sound 0x13dc61da8.  Subsound index 0 / 1
[LOG] SystemI::createSoundInternal             :     exinfo->cbsize             = 232
[LOG] SoundI::getSubSound                      :     sound 0x1595b9168.  Subsound index 0 / 1
[LOG] SystemI::createSoundInternal             :     exinfo->length             = 2640736
[LOG] SystemI::createSoundInternal             :     exinfo->fileoffset         = 7456
[LOG] SystemI::createSoundInternal             :     exinfo->numsubsounds       = 1
[LOG] SystemI::createSoundInternal             :     exinfo->inclusionlist      = 0x10a9188f8
[LOG] SystemI::createSoundInternal             :     exinfo->inclusionlistnum   = 1
[LOG] SystemI::createSoundInternal             :     exinfo->suggestedsoundtype = 5
[LOG] SystemI::createSoundInternal             :     exinfo->initialseekpostype = 1
[LOG] SystemI::createSoundInternal             :     Format has 1 subsounds.
[LOG] SystemI::createSoundInternal             :     Create as FMOD_CREATESTREAM
[LOG] System::createSoundInternal              :     decode buffersize = 19200 : blocksize = 256 : format = 2
[LOG] SystemI::createSample                    :     mode 0a010082 length 19200 samples, lengthbytes 128192
[LOG] SystemI::createSample                    :     channels = 2
[LOG] SystemI::createSample                    :     output = 0x13dcd2fa8
[LOG] OutputSoftware::createSample             :     lengthpcm 19200, lengthbytes 128192, channels 2, format 2, freq 48000, mode 0a01008a
[LOG] System::createSoundInternal              :     1 subsounds detected.
[LOG] System::createSoundInternal              :     Seek stream to start
[LOG] System::createSoundInternal              :     flush stream buffer
[LOG] System::createSoundInternal              :     flush successful.
[LOG] System::createSoundInternal              :     switch file handle from small blocking single buffered to large nonblocking doublebuffered.
[LOG] SystemI::createSoundInternal             :     done.  OpenState now = FMOD_OPENSTATE_READY.

[LOG] AsyncThread::threadFunc                  : Finished Asynchronous operation on sound 0x10a918628
[LOG] AsyncThread::threadFunc                  : Starting Asynchronous operation on sound 0x12cb34fd8
[LOG] SystemI::createSoundInternal             :     filename = /Users/AlexRamirez/Documents/10mo Sem/Videojuegos/VideojuegoSegundoCorte/VideojuegoSegundoCorte/Assets/SesionFMOD/FmodVideojuego2/Build/Desktop/Grupo 4.bank : mode 0a010082
[LOG] SystemI::createSoundInternal             :     exinfo->cbsize             = 232
[LOG] SystemI::createSoundInternal             :     exinfo->length             = 2640736
[LOG] SystemI::createSoundInternal             :     exinfo->fileoffset         = 7456
[LOG] SoundI::getSubSound                      :     sound 0x10a918628.  Subsound index 0 / 1
[LOG] SystemI::createSoundInternal             :     exinfo->numsubsounds       = 1
[LOG] SystemI::createSoundInternal             :     exinfo->inclusionlist      = 0x13dcfbc38
[LOG] SystemI::createSoundInternal             :     exinfo->inclusionlistnum   = 1
[LOG] SystemI::createSoundInternal             :     exinfo->suggestedsoundtype = 5
[LOG] SystemI::createSoundInternal             :     exinfo->initialseekpostype = 1
[LOG] SystemI::createSoundInternal             :     Format has 1 subsounds.
[LOG] SystemI::createSoundInternal             :     Create as FMOD_CREATESTREAM
[LOG] System::createSoundInternal              :     decode buffersize = 19200 : blocksize = 256 : format = 2
[LOG] SystemI::createSample                    :     mode 0a010082 length 19200 samples, lengthbytes 1826080
[LOG] SystemI::createSample                    :     channels = 2
[LOG] SystemI::createSample                    :     output = 0x13dcd2fa8
[LOG] OutputSoftware::createSample             :     lengthpcm 19200, lengthbytes 1826080, channels 2, format 2, freq 48000, mode 0a01008a
[LOG] System::createSoundInternal              :     1 subsounds detected.
[LOG] System::createSoundInternal              :     Seek stream to start
[LOG] System::createSoundInternal              :     flush stream buffer
[LOG] System::createSoundInternal              :     flush successful.
[LOG] System::createSoundInternal              :     switch file handle from small blocking single buffered to large nonblocking doublebuffered.
[LOG] SystemI::createSoundInternal             :     done.  OpenState now = FMOD_OPENSTATE_READY.

[LOG] AsyncThread::threadFunc                  : Finished Asynchronous operation on sound 0x12cb34fd8
[LOG] AsyncThread::threadFunc                  : Starting Asynchronous operation on sound 0x159584808
[LOG] SystemI::createSoundInternal             :     filename = /Users/AlexRamirez/Documents/10mo Sem/Videojuegos/VideojuegoSegundoCorte/VideojuegoSegundoCorte/Assets/SesionFMOD/FmodVideojuego2/Build/Desktop/Grupo 4.bank : mode 0a010082
[LOG] SystemI::createSoundInternal             :     exinfo->cbsize             = 232
[LOG] SystemI::createSoundInternal             :     exinfo->length             = 2640736
[LOG] SystemI::createSoundInternal             :     exinfo->fileoffset         = 7456
[LOG] SystemI::createSoundInternal             :     exinfo->numsubsounds       = 1
[LOG] SystemI::createSoundInternal             :     exinfo->inclusionlist      = 0x159584478
[LOG] SystemI::createSoundInternal             :     exinfo->inclusionlistnum   = 1
[LOG] SystemI::createSoundInternal             :     exinfo->suggestedsoundtype = 5
[LOG] SystemI::createSoundInternal             :     exinfo->initialseekpostype = 1
[LOG] SystemI::createSoundInternal             :     Format has 1 subsounds.
[LOG] SystemI::createSoundInternal             :     Create as FMOD_CREATESTREAM
[LOG] System::createSoundInternal              :     decode buffersize = 19200 : blocksize = 256 : format = 2
[LOG] SystemI::createSample                    :     mode 0a010082 length 19200 samples, lengthbytes 128192
[LOG] SystemI::createSample                    :     channels = 2
[LOG] SystemI::createSample                    :     output = 0x13dcd2fa8
[LOG] OutputSoftware::createSample             :     lengthpcm 19200, lengthbytes 128192, channels 2, format 2, freq 48000, mode 0a01008a
[LOG] System::createSoundInternal              :     1 subsounds detected.
[LOG] System::createSoundInternal              :     Seek stream to start
[LOG] System::createSoundInternal              :     flush stream buffer
[LOG] System::createSoundInternal              :     flush successful.
[LOG] System::createSoundInternal              :     switch file handle from small blocking single buffered to large nonblocking doublebuffered.
[LOG] SystemI::createSoundInternal             :     done.  OpenState now = FMOD_OPENSTATE_READY.

[LOG] AsyncThread::threadFunc                  : Finished Asynchronous operation on sound 0x159584808
[LOG] AsyncThread::threadFunc                  : Starting Asynchronous operation on sound 0x152750e68
[LOG] SystemI::createSoundInternal             :     filename = /Users/AlexRamirez/Documents/10mo Sem/Videojuegos/VideojuegoSegundoCorte/VideojuegoSegundoCorte/Assets/SesionFMOD/FmodVideojuego2/Build/Desktop/Grupo 4.bank : mode 0a010082
[LOG] SystemI::createSoundInternal             :     exinfo->cbsize             = 232
[LOG] SystemI::createSoundInternal             :     exinfo->length             = 2640736
[LOG] SystemI::createSoundInternal             :     exinfo->fileoffset         = 7456
[LOG] SystemI::createSoundInternal             :     exinfo->numsubsounds       = 1
[LOG] SystemI::createSoundInternal             :     exinfo->inclusionlist      = 0x152788318
[LOG] SystemI::createSoundInternal             :     exinfo->inclusionlistnum   = 1
[LOG] SystemI::createSoundInternal             :     exinfo->suggestedsoundtype = 5
[LOG] SystemI::createSoundInternal             :     exinfo->initialseekpostype = 1
[LOG] SystemI::createSoundInternal             :     Format has 1 subsounds.
[LOG] SystemI::createSoundInternal             :     Create as FMOD_CREATESTREAM
[LOG] System::createSoundInternal              :     decode buffersize = 19200 : blocksize = 256 : format = 2
[LOG] SystemI::createSample                    :     mode 0a010082 length 19200 samples, lengthbytes 384320
[LOG] SystemI::createSample                    :     channels = 2
[LOG] SystemI::createSample                    :     output = 0x13dcd2fa8
[LOG] OutputSoftware::createSample             :     lengthpcm 19200, lengthbytes 384320, channels 2, format 2, freq 48000, mode 0a01008a
[LOG] System::createSoundInternal              :     1 subsounds detected.
[LOG] System::createSoundInternal              :     Seek stream to start
[LOG] System::createSoundInternal              :     flush stream buffer
[LOG] System::createSoundInternal              :     flush successful.
[LOG] System::createSoundInternal              :     switch file handle from small blocking single buffered to large nonblocking doublebuffered.
[LOG] SystemI::createSoundInternal             :     done.  OpenState now = FMOD_OPENSTATE_READY.

[LOG] AsyncThread::threadFunc                  : Finished Asynchronous operation on sound 0x152750e68
[LOG] AsyncThread::threadFunc                  : Starting Asynchronous operation on sound 0x152adbc68
[LOG] SystemI::createSoundInternal             :     filename = /Users/AlexRamirez/Documents/10mo Sem/Videojuegos/VideojuegoSegundoCorte/VideojuegoSegundoCorte/Assets/SesionFMOD/FmodVideojuego2/Build/Desktop/Grupo 4.bank : mode 0a010082
[LOG] SystemI::createSoundInternal             :     exinfo->cbsize             = 232
[LOG] SystemI::createSoundInternal             :     exinfo->length             = 2640736
[LOG] SystemI::createSoundInternal             :     exinfo->fileoffset         = 7456
[LOG] SystemI::createSoundInternal             :     exinfo->numsubsounds       = 1
[LOG] SoundI::getSubSound                      :     sound 0x12cb34fd8.  Subsound index 0 / 1
[LOG] SystemI::createSoundInternal             :     exinfo->inclusionlist      = 0x152a01898
[LOG] SoundI::getSubSound                      :     sound 0x159584808.  Subsound index 0 / 1
[LOG] SystemI::createSoundInternal             :     exinfo->inclusionlistnum   = 1
[LOG] SystemI::createSoundInternal             :     exinfo->suggestedsoundtype = 5
[LOG] SystemI::createSoundInternal             :     exinfo->initialseekpostype = 1
[LOG] SystemI::createSoundInternal             :     Format has 1 subsounds.
[LOG] SoundI::getSubSound                      :     sound 0x152750e68.  Subsound index 0 / 1
[LOG] SystemI::createSoundInternal             :     Create as FMOD_CREATESTREAM
[LOG] System::createSoundInternal              :     decode buffersize = 19200 : blocksize = 256 : format = 2
[LOG] SystemI::createSample                    :     mode 0a010082 length 19200 samples, lengthbytes 1826080
[LOG] SystemI::createSample                    :     channels = 2
[LOG] SystemI::createSample                    :     output = 0x13dcd2fa8
[LOG] OutputSoftware::createSample             :     lengthpcm 19200, lengthbytes 1826080, channels 2, format 2, freq 48000, mode 0a01008a
[LOG] System::createSoundInternal              :     1 subsounds detected.
[LOG] System::createSoundInternal              :     Seek stream to start
[LOG] System::createSoundInternal              :     flush stream buffer
[LOG] System::createSoundInternal              :     flush successful.
[LOG] System::createSoundInternal              :     switch file handle from small blocking single buffered to large nonblocking doublebuffered.
[LOG] SystemI::createSoundInternal             :     done.  OpenState now = FMOD_OPENSTATE_READY.

[LOG] AsyncThread::threadFunc                  : Finished Asynchronous operation on sound 0x152adbc68
[LOG] AsyncThread::threadFunc                  : Starting Asynchronous operation on sound 0x13dc546c8
[LOG] SystemI::createSoundInternal             :     filename = /Users/AlexRamirez/Documents/10mo Sem/Videojuegos/VideojuegoSegundoCorte/VideojuegoSegundoCorte/Assets/SesionFMOD/FmodVideojuego2/Build/Desktop/Grupo 4.bank : mode 0a010082
[LOG] SystemI::createSoundInternal             :     exinfo->cbsize             = 232
[LOG] SystemI::createSoundInternal             :     exinfo->length             = 2640736
[LOG] SystemI::createSoundInternal             :     exinfo->fileoffset         = 7456
[LOG] SystemI::createSoundInternal             :     exinfo->numsubsounds       = 1
[LOG] SystemI::createSoundInternal             :     exinfo->inclusionlist      = 0x13dc54998
[LOG] SystemI::createSoundInternal             :     exinfo->inclusionlistnum   = 1
[LOG] SystemI::createSoundInternal             :     exinfo->suggestedsoundtype = 5
[LOG] SystemI::createSoundInternal             :     exinfo->initialseekpostype = 1
[LOG] SystemI::createSoundInternal             :     Format has 1 subsounds.
[LOG] SystemI::createSoundInternal             :     Create as FMOD_CREATESTREAM
[LOG] System::createSoundInternal              :     decode buffersize = 19200 : blocksize = 256 : format = 2
[LOG] SystemI::createSample                    :     mode 0a010082 length 19200 samples, lengthbytes 128192
[LOG] SystemI::createSample                    :     channels = 2
[LOG] SystemI::createSample                    :     output = 0x13dcd2fa8
[LOG] OutputSoftware::createSample             :     lengthpcm 19200, lengthbytes 128192, channels 2, format 2, freq 48000, mode 0a01008a
[LOG] System::createSoundInternal              :     1 subsounds detected.
[LOG] System::createSoundInternal              :     Seek stream to start
[LOG] System::createSoundInternal              :     flush stream buffer
[LOG] System::createSoundInternal              :     flush successful.
[LOG] System::createSoundInternal              :     switch file handle from small blocking single buffered to large nonblocking doublebuffered.
[LOG] SystemI::createSoundInternal             :     done.  OpenState now = FMOD_OPENSTATE_READY.

[LOG] AsyncThread::threadFunc                  : Finished Asynchronous operation on sound 0x13dc546c8
[LOG] AsyncThread::threadFunc                  : Starting Asynchronous operation on sound 0x13dc464a8
[LOG] SystemI::createSoundInternal             :     filename = /Users/AlexRamirez/Documents/10mo Sem/Videojuegos/VideojuegoSegundoCorte/VideojuegoSegundoCorte/Assets/SesionFMOD/FmodVideojuego2/Build/Desktop/Grupo 4.bank : mode 0a010082
[LOG] SystemI::createSoundInternal             :     exinfo->cbsize             = 232
[LOG] SystemI::createSoundInternal             :     exinfo->length             = 2640736
[LOG] SystemI::createSoundInternal             :     exinfo->fileoffset         = 7456
[LOG] SystemI::createSoundInternal             :     exinfo->numsubsounds       = 1
[LOG] SystemI::createSoundInternal             :     exinfo->inclusionlist      = 0x13dc46778
[LOG] SystemI::createSoundInternal             :     exinfo->inclusionlistnum   = 1
[LOG] SystemI::createSoundInternal             :     exinfo->suggestedsoundtype = 5
[LOG] SystemI::createSoundInternal             :     exinfo->initialseekpostype = 1
[LOG] SystemI::createSoundInternal             :     Format has 1 subsounds.
[LOG] SystemI::createSoundInternal             :     Create as FMOD_CREATESTREAM
[LOG] System::createSoundInternal              :     decode buffersize = 19200 : blocksize = 256 : format = 2
[LOG] SystemI::createSample                    :     mode 0a010082 length 19200 samples, lengthbytes 1826080
[LOG] SystemI::createSample                    :     channels = 2
[LOG] SystemI::createSample                    :     output = 0x13dcd2fa8
[LOG] OutputSoftware::createSample             :     lengthpcm 19200, lengthbytes 1826080, channels 2, format 2, freq 48000, mode 0a01008a
[LOG] System::createSoundInternal              :     1 subsounds detected.
[LOG] System::createSoundInternal              :     Seek stream to start
[LOG] System::createSoundInternal              :     flush stream buffer
[LOG] System::createSoundInternal              :     flush successful.
[LOG] System::createSoundInternal              :     switch file handle from small blocking single buffered to large nonblocking doublebuffered.
[LOG] SystemI::createSoundInternal             :     done.  OpenState now = FMOD_OPENSTATE_READY.

[LOG] AsyncThread::threadFunc                  : Finished Asynchronous operation on sound 0x13dc464a8
[LOG] AsyncThread::threadFunc                  : Starting Asynchronous operation on sound 0x10abd28d8
[LOG] SystemI::createSoundInternal             :     filename = /Users/AlexRamirez/Documents/10mo Sem/Videojuegos/VideojuegoSegundoCorte/VideojuegoSegundoCorte/Assets/SesionFMOD/FmodVideojuego2/Build/Desktop/Grupo 4.bank : mode 0a010082
[LOG] SystemI::createSoundInternal             :     exinfo->cbsize             = 232
[LOG] SystemI::createSoundInternal             :     exinfo->length             = 2640736
[LOG] SystemI::createSoundInternal             :     exinfo->fileoffset         = 7456
[LOG] SystemI::createSoundInternal             :     exinfo->numsubsounds       = 1
[LOG] SystemI::createSoundInternal             :     exinfo->inclusionlist      = 0x10abd1f38
[LOG] SystemI::createSoundInternal             :     exinfo->inclusionlistnum   = 1
[LOG] SystemI::createSoundInternal             :     exinfo->suggestedsoundtype = 5
[LOG] SystemI::createSoundInternal             :     exinfo->initialseekpostype = 1
[LOG] SystemI::createSoundInternal             :     Format has 1 subsounds.
[LOG] SystemI::createSoundInternal             :     Create as FMOD_CREATESTREAM
[LOG] System::createSoundInternal              :     decode buffersize = 19200 : blocksize = 256 : format = 2
[LOG] SystemI::createSample                    :     mode 0a010082 length 19200 samples, lengthbytes 128192
[LOG] SystemI::createSample                    :     channels = 2
[LOG] SystemI::createSample                    :     output = 0x13dcd2fa8
[LOG] OutputSoftware::createSample             :     lengthpcm 19200, lengthbytes 128192, channels 2, format 2, freq 48000, mode 0a01008a
[LOG] System::createSoundInternal              :     1 subsounds detected.
[LOG] SoundI::getSubSound                      :     sound 0x152adbc68.  Subsound index 0 / 1
[LOG] System::createSoundInternal              :     Seek stream to start
[LOG] SoundI::getSubSound                      :     sound 0x13dc546c8.  Subsound index 0 / 1
[LOG] System::createSoundInternal              :     flush stream buffer
[LOG] SoundI::getSubSound                      :     sound 0x13dc464a8.  Subsound index 0 / 1
[LOG] System::createSoundInternal              :     flush successful.
[LOG] System::createSoundInternal              :     switch file handle from small blocking single buffered to large nonblocking doublebuffered.
[LOG] SystemI::createSoundInternal             :     done.  OpenState now = FMOD_OPENSTATE_READY.

[LOG] AsyncThread::threadFunc                  : Finished Asynchronous operation on sound 0x10abd28d8
[LOG] AsyncThread::threadFunc                  : Starting Asynchronous operation on sound 0x10abd26c8
[LOG] SystemI::createSoundInternal             :     filename = /Users/AlexRamirez/Documents/10mo Sem/Videojuegos/VideojuegoSegundoCorte/VideojuegoSegundoCorte/Assets/SesionFMOD/FmodVideojuego2/Build/Desktop/Grupo 4.bank : mode 0a010082
[LOG] SystemI::createSoundInternal             :     exinfo->cbsize             = 232
[LOG] SystemI::createSoundInternal             :     exinfo->length             = 2640736
[LOG] SystemI::createSoundInternal             :     exinfo->fileoffset         = 7456
[LOG] SystemI::createSoundInternal             :     exinfo->numsubsounds       = 1
[LOG] SystemI::createSoundInternal             :     exinfo->inclusionlist      = 0x10abd22a8
[LOG] SystemI::createSoundInternal             :     exinfo->inclusionlistnum   = 1
[LOG] SystemI::createSoundInternal             :     exinfo->suggestedsoundtype = 5
[LOG] SystemI::createSoundInternal             :     exinfo->initialseekpostype = 1
[LOG] SystemI::createSoundInternal             :     Format has 1 subsounds.
[LOG] SystemI::createSoundInternal             :     Create as FMOD_CREATESTREAM
[LOG] System::createSoundInternal              :     decode buffersize = 19200 : blocksize = 256 : format = 2
[LOG] SystemI::createSample                    :     mode 0a010082 length 19200 samples, lengthbytes 1826080
[LOG] SystemI::createSample                    :     channels = 2
[LOG] SystemI::createSample                    :     output = 0x13dcd2fa8
[LOG] OutputSoftware::createSample             :     lengthpcm 19200, lengthbytes 1826080, channels 2, format 2, freq 48000, mode 0a01008a
[LOG] System::createSoundInternal              :     1 subsounds detected.
[LOG] System::createSoundInternal              :     Seek stream to start
[LOG] System::createSoundInternal              :     flush stream buffer
[LOG] System::createSoundInternal              :     flush successful.
[LOG] System::createSoundInternal              :     switch file handle from small blocking single buffered to large nonblocking doublebuffered.
[LOG] SystemI::createSoundInternal             :     done.  OpenState now = FMOD_OPENSTATE_READY.

[LOG] AsyncThread::threadFunc                  : Finished Asynchronous operation on sound 0x10abd26c8
[LOG] AsyncThread::threadFunc                  : Starting Asynchronous operation on sound 0x13dcf87a8
[LOG] SystemI::createSoundInternal             :     filename = /Users/AlexRamirez/Documents/10mo Sem/Videojuegos/VideojuegoSegundoCorte/VideojuegoSegundoCorte/Assets/SesionFMOD/FmodVideojuego2/Build/Desktop/Grupo 4.bank : mode 0a010082
[LOG] SystemI::createSoundInternal             :     exinfo->cbsize             = 232
[LOG] SystemI::createSoundInternal             :     exinfo->length             = 2640736
[LOG] SystemI::createSoundInternal             :     exinfo->fileoffset         = 7456
[LOG] SystemI::createSoundInternal             :     exinfo->numsubsounds       = 1
[LOG] SoundI::getSubSound                      :     sound 0x10abd28d8.  Subsound index 0 / 1
