[LOG] System::create                           :     Header version = 1.08.00. Current version = 1.08.00.
[LOG] SystemI::init                            :     FMOD Studio Version: 00010800 (73592)
[LOG] SystemI::createSoundInternal             :     exinfo->inclusionlist      = 0x12cb49088
[LOG] SystemI::createSoundInternal             :     exinfo->inclusionlistnum   = 1
[LOG] SystemI::init                            :     maxchannels = 256, flags = 00020000, extradriverdata = 0x0
[LOG] SoundI::getSubSound                      :     sound 0x10abd26c8.  Subsound index 0 / 1
[LOG] SystemI::createSoundInternal             :     exinfo->suggestedsoundtype = 5
[LOG] SystemI::close                           :     
[LOG] SystemI::createSoundInternal             :     exinfo->initialseekpostype = 1
[LOG] SystemI::createSoundInternal             :     Format has 1 subsounds.
[LOG] SystemI::close                           :     Stop all sounds
[LOG] SystemI::createSoundInternal             :     Create as FMOD_CREATESTREAM
[LOG] SystemI::close                           :     done.

[LOG] System::createSoundInternal              :     decode buffersize = 19200 : blocksize = 256 : format = 2
[LOG] SystemI::createSample                    :     mode 0a010082 length 19200 samples, lengthbytes 128192
[LOG] SystemI::createSample                    :     channels = 2
[LOG] SystemI::createSample                    :     output = 0x13dcd2fa8
[LOG] OutputSoftware::createSample             :     lengthpcm 19200, lengthbytes 128192, channels 2, format 2, freq 48000, mode 0a01008a
[LOG] System::createSoundInternal              :     1 subsounds detected.
[LOG] System::createSoundInternal              :     Seek stream to start
[LOG] System::createSoundInternal              :     flush stream buffer
[LOG] OutputCoreAudio::enumerate               :     Enumerating...
[LOG] System::createSoundInternal              :     flush successful.
[LOG] System::createSoundInternal              :     switch file handle from small blocking single buffered to large nonblocking doublebuffered.
[LOG] OutputCoreAudio::enumerate               :     Found output driver: "Built-in Output".
[LOG] SystemI::createSoundInternal             :     done.  OpenState now = FMOD_OPENSTATE_READY.

[LOG] AsyncThread::threadFunc                  : Finished Asynchronous operation on sound 0x13dcf87a8
[LOG] AsyncThread::threadFunc                  : Starting Asynchronous operation on sound 0x10abcefb8
[LOG] SystemI::createSoundInternal             :     filename = /Users/AlexRamirez/Documents/10mo Sem/Videojuegos/VideojuegoSegundoCorte/VideojuegoSegundoCorte/Assets/SesionFMOD/FmodVideojuego2/Build/Desktop/Grupo 4.bank : mode 0a010082
[LOG] SystemI::createSoundInternal             :     exinfo->cbsize             = 232
[LOG] SystemI::createSoundInternal             :     exinfo->length             = 2640736
[LOG] OutputCoreAudio::enumerate               :     Found output driver: "HDMI".
[LOG] SystemI::createSoundInternal             :     exinfo->fileoffset         = 7456
[LOG] SystemI::createSoundInternal             :     exinfo->numsubsounds       = 1
[LOG] SystemI::createSoundInternal             :     exinfo->inclusionlist      = 0x10abce0c8
[LOG] SystemI::createSoundInternal             :     exinfo->inclusionlistnum   = 1
[LOG] SystemI::createSoundInternal             :     exinfo->suggestedsoundtype = 5
[LOG] SystemI::createSoundInternal             :     exinfo->initialseekpostype = 1
[LOG] OutputCoreAudio::enumerate               :     Found output driver: "USB Audio CODEC".
[LOG] SystemI::createSoundInternal             :     Format has 1 subsounds.
[LOG] SystemI::createSoundInternal             :     Create as FMOD_CREATESTREAM
[LOG] System::createSoundInternal              :     decode buffersize = 19200 : blocksize = 256 : format = 2
[LOG] SystemI::createSample                    :     mode 0a010082 length 19200 samples, lengthbytes 1826080
[LOG] SystemI::createSample                    :     channels = 2
[LOG] SystemI::createSample                    :     output = 0x13dcd2fa8
[LOG] SoundI::getSubSound                      :     sound 0x13dcf87a8.  Subsound index 0 / 1
[LOG] OutputSoftware::createSample             :     lengthpcm 19200, lengthbytes 1826080, channels 2, format 2, freq 48000, mode 0a01008a
[LOG] System::createSoundInternal              :     1 subsounds detected.
[LOG] System::createSoundInternal              :     Seek stream to start
[LOG] SoundSourceInstrumentInstance::startChannelIfReady :     Loading delay exceeded, sound may play at incorrect time
[LOG] OutputCoreAudio::enumerate               :     Found output driver: "Soundflower (2ch)".
[LOG] System::createSoundInternal              :     flush stream buffer
[LOG] OutputCoreAudio::enumerate               :     Found output driver: "Soundflower (64ch)".
[LOG] OutputCoreAudio::enumerate               :     Found output driver: "Pro Tools Aggregate I/O".
[LOG] System::createSoundInternal              :     flush successful.
[LOG] System::createSoundInternal              :     switch file handle from small blocking single buffered to large nonblocking doublebuffered.
[LOG] OutputCoreAudio::enumerate               :     Found output driver: "Rock Band II".
[LOG] SystemI::createSoundInternal             :     done.  OpenState now = FMOD_OPENSTATE_READY.

[LOG] AsyncThread::threadFunc                  : Finished Asynchronous operation on sound 0x10abcefb8
[LOG] AsyncThread::threadFunc                  : Starting Asynchronous operation on sound 0x15278af98
[LOG] OutputCoreAudio::enumerate               : Found output driver: "SKYPE MUSIC".
[LOG] SystemI::createSoundInternal             :     filename = /Users/AlexRamirez/Documents/10mo Sem/Videojuegos/VideojuegoSegundoCorte/VideojuegoSegundoCorte/Assets/SesionFMOD/FmodVideojuego2/Build/Desktop/Grupo 4.bank : mode 0a010082
[LOG] OutputCoreAudio::enumerate               :     Done.
[LOG] SystemI::createSoundInternal             :     exinfo->cbsize             = 232
[LOG] SystemI::createSoundInternal             :     exinfo->length             = 2640736
[LOG] SystemI::createSoundInternal             :     exinfo->fileoffset         = 7456
[LOG] SystemI::createSoundInternal             :     exinfo->numsubsounds       = 1
[LOG] SystemI::createSoundInternal             :     exinfo->inclusionlist      = 0x15278b268
[LOG] SystemI::createSoundInternal             :     exinfo->inclusionlistnum   = 1
[LOG] SystemI::createSoundInternal             :     exinfo->suggestedsoundtype = 5
[LOG] SystemI::createSoundInternal             :     exinfo->initialseekpostype = 1
[LOG] SystemI::createSoundInternal             :     Format has 1 subsounds.
[LOG] SystemI::createSoundInternal             :     Create as FMOD_CREATESTREAM
[LOG] System::createSoundInternal              :     decode buffersize = 19200 : blocksize = 256 : format = 2
[LOG] SystemI::createSample                    :     mode 0a010082 length 19200 samples, lengthbytes 128192
[LOG] SystemI::createSample                    :     channels = 2
[LOG] SystemI::createSample                    :     output = 0x13dcd2fa8
[LOG] OutputSoftware::createSample             :     lengthpcm 19200, lengthbytes 128192, channels 2, format 2, freq 48000, mode 0a01008a
[LOG] System::createSoundInternal              :     1 subsounds detected.
[LOG] System::createSoundInternal              :     Seek stream to start
[LOG] System::createSoundInternal              :     flush stream buffer
[LOG] System::createSoundInternal              :     flush successful.
[LOG] System::createSoundInternal              :     switch file handle from small blocking single buffered to large nonblocking doublebuffered.
[LOG] SystemI::createSoundInternal             :     done.  OpenState now = FMOD_OPENSTATE_READY.

[LOG] AsyncThread::threadFunc                  : Finished Asynchronous operation on sound 0x15278af98
[LOG] AsyncThread::threadFunc                  : Starting Asynchronous operation on sound 0x15278ac38
[LOG] OutputCoreAudio::init                    : Output running 2 channels at 48000Hz sample rate.
[LOG] SystemI::createSoundInternal             :     filename = /Users/AlexRamirez/Documents/10mo Sem/Videojuegos/VideojuegoSegundoCorte/VideojuegoSegundoCorte/Assets/SesionFMOD/FmodVideojuego2/Build/Desktop/Grupo 4.bank : mode 0a010082
[LOG] SystemI::createSoundInternal             :     exinfo->cbsize             = 232
[LOG] SystemI::createSoundInternal             :     exinfo->length             = 2640736
[LOG] SystemI::createSoundInternal             :     exinfo->fileoffset         = 7456
[LOG] SoundI::getSubSound                      :     sound 0x10abcefb8.  Subsound index 0 / 1
[LOG] OutputCoreAudio::init                    :     Maximum hardware read size: 1024 samples, Software buffer size: 512 samples, Number of software buffers: 4.
[LOG] SystemI::createSoundInternal             :     exinfo->numsubsounds       = 1
[LOG] SystemI::createSoundInternal             :     exinfo->inclusionlist      = 0x15278af08
[LOG] SoundSourceInstrumentInstance::startChannelIfReady :     Loading delay exceeded, sound may play at incorrect time
[LOG] SystemI::createSoundInternal             :     exinfo->inclusionlistnum   = 1
[LOG] SystemI::createSoundInternal             :     exinfo->suggestedsoundtype = 5
[LOG] SoundI::getSubSound                      :     sound 0x15278af98.  Subsound index 0 / 1
[LOG] SystemI::createSoundInternal             :     exinfo->initialseekpostype = 1
[LOG] SystemI::createSoundInternal             :     Format has 1 subsounds.
[LOG] SystemI::createSoundInternal             :     Create as FMOD_CREATESTREAM
[LOG] SoundSourceInstrumentInstance::startChannelIfReady :     Loading delay exceeded, sound may play at incorrect time
[LOG] System::createSoundInternal              :     decode buffersize = 19200 : blocksize = 256 : format = 2
[LOG] SystemI::createSample                    :     mode 0a010082 length 19200 samples, lengthbytes 1826080
[LOG] SystemI::createSample                    :     channels = 2
[LOG] SystemI::createSample                    :     output = 0x13dcd2fa8
[LOG] OutputSoftware::createSample             :     lengthpcm 19200, lengthbytes 1826080, channels 2, format 2, freq 48000, mode 0a01008a
[LOG] System::createSoundInternal              :     1 subsounds detected.
[LOG] Thread::initThread                       :     Initializing FMOD mixer thread.  priority 3
[LOG] System::createSoundInternal              :     Seek stream to start
[LOG] Thread::initThread                       :     - Stacksize 49152.  Stack pointer 0x0 : usesemaphore = 1 : sleeptime = 0
[LOG] System::createSoundInternal              :     flush stream buffer
[LOG] Thread::callback                         :     * FMOD mixer thread started
[LOG] SystemI::init                            :     Set up emulated output
[LOG] SystemI::init                            :     create the channel pool
[LOG] Thread::initThread                       :     Initializing FMOD stream thread.  priority 2
[LOG] Thread::initThread                       :     - Stacksize 65536.  Stack pointer 0x0 : usesemaphore = 0 : sleeptime = 10
[LOG] Thread::callback                         :     * FMOD stream thread started
[LOG] Thread::initThread                       :     Initializing FMOD Studio sample load thread.  priority 0
[LOG] Thread::initThread                       :     - Stacksize 65536.  Stack pointer 0x0 : usesemaphore = 0 : sleeptime = 1
[LOG] Thread::callback                         :     * FMOD Studio sample load thread started
[LOG] System::createSoundInternal              :     flush successful.
[LOG] Thread::initThread                       :     Initializing FMOD Studio bank load thread.  priority 0
[LOG] System::createSoundInternal              :     switch file handle from small blocking single buffered to large nonblocking doublebuffered.
[LOG] Thread::initThread                       :     - Stacksize 65536.  Stack pointer 0x0 : usesemaphore = 0 : sleeptime = 1
[LOG] SystemI::createSoundInternal             :     done.  OpenState now = FMOD_OPENSTATE_READY.

[LOG] AsyncThread::threadFunc                  : Finished Asynchronous operation on sound 0x15278ac38
[LOG] AsyncThread::threadFunc                  : Starting Asynchronous operation on sound 0x10abc9f38
[LOG] Thread::callback                         : * FMOD Studio bank load thread started
[LOG] SystemI::createSoundInternal             :     filename = /Users/AlexRamirez/Documents/10mo Sem/Videojuegos/VideojuegoSegundoCorte/VideojuegoSegundoCorte/Assets/SesionFMOD/FmodVideojuego2/Build/Desktop/Grupo 4.bank : mode 0a010082
[LOG] SystemI::createSoundInternal             :     exinfo->cbsize             = 232
[LOG] SystemI::createSoundInternal             :     exinfo->length             = 2640736
[LOG] Manager::readBank                        :     fileversion = 72, compatVersion = 70 (oldest = 44, newest = 72)
[LOG] SystemI::createSoundInternal             :     exinfo->fileoffset         = 7456
[LOG] SystemI::createSoundInternal             :     exinfo->numsubsounds       = 1
[LOG] SystemI::createSoundInternal             :     exinfo->inclusionlist      = 0x10abcd2c8
[LOG] SystemI::createSoundInternal             :     exinfo->inclusionlistnum   = 1
[LOG] SystemI::createSoundInternal             :     exinfo->suggestedsoundtype = 5
[LOG] SystemI::createSoundInternal             :     exinfo->initialseekpostype = 1
[LOG] SystemI::createSoundInternal             :     Format has 1 subsounds.
[LOG] SystemI::createSoundInternal             :     Create as FMOD_CREATESTREAM
[LOG] System::createSoundInternal              :     decode buffersize = 19200 : blocksize = 256 : format = 2
[LOG] SystemI::createSample                    :     mode 0a010082 length 19200 samples, lengthbytes 128192
[LOG] SystemI::createSample                    :     channels = 2
[LOG] SystemI::createSample                    :     output = 0x13dcd2fa8
[LOG] OutputSoftware::createSample             :     lengthpcm 19200, lengthbytes 128192, channels 2, format 2, freq 48000, mode 0a01008a
[LOG] System::createSoundInternal              :     1 subsounds detected.
[LOG] System::createSoundInternal              :     Seek stream to start
[LOG] System::createSoundInternal              :     flush stream buffer
[LOG] System::createSoundInternal              :     flush successful.
[LOG] System::createSoundInternal              :     switch file handle from small blocking single buffered to large nonblocking doublebuffered.
[LOG] SystemI::createSoundInternal             :     done.  OpenState now = FMOD_OPENSTATE_READY.

[LOG] AsyncThread::threadFunc                  : Finished Asynchronous operation on sound 0x10abc9f38
[LOG] AsyncThread::threadFunc                  : Starting Asynchronous operation on sound 0x10a9fbc78
[LOG] SystemI::createSoundInternal             :     filename = /Users/AlexRamirez/Documents/10mo Sem/Videojuegos/VideojuegoSegundoCorte/VideojuegoSegundoCorte/Assets/SesionFMOD/FmodVideojuego2/Build/Desktop/Grupo 4.bank : mode 0a010082
[LOG] SystemI::createSoundInternal             :     exinfo->cbsize             = 232
[LOG] SystemI::createSoundInternal             :     exinfo->length             = 2640736
[LOG] SystemI::createSoundInternal             :     exinfo->fileoffset         = 7456
[LOG] SystemI::createSoundInternal             :     exinfo->numsubsounds       = 1
[LOG] SystemI::createSoundInternal             :     exinfo->inclusionlist      = 0x10a9fbf48
[LOG] SystemI::createSoundInternal             :     exinfo->inclusionlistnum   = 1
[LOG] SystemI::createSoundInternal             :     exinfo->suggestedsoundtype = 5
[LOG] SystemI::createSoundInternal             :     exinfo->initialseekpostype = 1
[LOG] SystemI::createSoundInternal             :     Format has 1 subsounds.
[LOG] SystemI::createSoundInternal             :     Create as FMOD_CREATESTREAM
[LOG] System::createSoundInternal              :     decode buffersize = 19200 : blocksize = 256 : format = 2
[LOG] SystemI::createSample                    :     mode 0a010082 length 19200 samples, lengthbytes 1826080
[LOG] SystemI::createSample                    :     channels = 2
[LOG] SystemI::createSample                    :     output = 0x13dcd2fa8
[LOG] OutputSoftware::createSample             :     lengthpcm 19200, lengthbytes 1826080, channels 2, format 2, freq 48000, mode 0a01008a
[LOG] System::createSoundInternal              :     1 subsounds detected.
[LOG] System::createSoundInternal              :     Seek stream to start
[LOG] System::createSoundInternal              :     flush stream buffer
[LOG] SoundI::getSubSound                      :     sound 0x15278ac38.  Subsound index 0 / 1
[LOG] SoundSourceInstrumentInstance::startChannelIfReady :     Loading delay exceeded, sound may play at incorrect time
[LOG] SoundI::getSubSound                      :     sound 0x10abc9f38.  Subsound index 0 / 1
[LOG] SoundSourceInstrumentInstance::startChannelIfReady :     Loading delay exceeded, sound may play at incorrect time
[LOG] System::createSoundInternal              :     flush successful.
[LOG] System::createSoundInternal              :     switch file handle from small blocking single buffered to large nonblocking doublebuffered.
[LOG] SystemI::createSoundInternal             :     done.  OpenState now = FMOD_OPENSTATE_READY.

[LOG] AsyncThread::threadFunc                  : Finished Asynchronous operation on sound 0x10a9fbc78
[LOG] AsyncThread::threadFunc                  : Starting Asynchronous operation on sound 0x15278b838
[LOG] SystemI::createSoundInternal             :     filename = /Users/AlexRamirez/Documents/10mo Sem/Videojuegos/VideojuegoSegundoCorte/VideojuegoSegundoCorte/Assets/SesionFMOD/FmodVideojuego2/Build/Desktop/Grupo 4.bank : mode 0a010082
[LOG] SystemI::createSoundInternal             :     exinfo->cbsize             = 232
[LOG] SystemI::createSoundInternal             :     exinfo->length             = 2640736
[LOG] SystemI::createSoundInternal             :     exinfo->fileoffset         = 7456
[LOG] SystemI::createSoundInternal             :     exinfo->numsubsounds       = 1
[LOG] SystemI::createSoundInternal             :     exinfo->inclusionlist      = 0x152715538
[LOG] SystemI::createSoundInternal             :     exinfo->inclusionlistnum   = 1
[LOG] SystemI::createSoundInternal             :     exinfo->suggestedsoundtype = 5
[LOG] SystemI::createSoundInternal             :     exinfo->initialseekpostype = 1
[LOG] SystemI::createSoundInternal             :     Format has 1 subsounds.
[LOG] SystemI::createSoundInternal             :     Create as FMOD_CREATESTREAM
[LOG] System::createSoundInternal              :     decode buffersize = 19200 : blocksize = 256 : format = 2
[LOG] SystemI::createSample                    :     mode 0a010082 length 19200 samples, lengthbytes 128192
[LOG] SystemI::createSample                    :     channels = 2
[LOG] SystemI::createSample                    :     output = 0x13dcd2fa8
[LOG] OutputSoftware::createSample             :     lengthpcm 19200, lengthbytes 128192, channels 2, format 2, freq 48000, mode 0a01008a
[LOG] System::createSoundInternal              :     1 subsounds detected.
[LOG] System::createSoundInternal              :     Seek stream to start
[LOG] System::createSoundInternal              :     flush stream buffer
[LOG] System::createSoundInternal              :     flush successful.
[LOG] System::createSoundInternal              :     switch file handle from small blocking single buffered to large nonblocking doublebuffered.
[LOG] SystemI::createSoundInternal             :     done.  OpenState now = FMOD_OPENSTATE_READY.

[LOG] AsyncThread::threadFunc                  : Finished Asynchronous operation on sound 0x15278b838
[LOG] AsyncThread::threadFunc                  : Starting Asynchronous operation on sound 0x10abc5618
[LOG] SystemI::createSoundInternal             :     filename = /Users/AlexRamirez/Documents/10mo Sem/Videojuegos/VideojuegoSegundoCorte/VideojuegoSegundoCorte/Assets/SesionFMOD/FmodVideojuego2/Build/Desktop/Grupo 4.bank : mode 0a010082
[LOG] SystemI::createSoundInternal             :     exinfo->cbsize             = 232
[LOG] SystemI::createSoundInternal             :     exinfo->length             = 2640736
[LOG] SystemI::createSoundInternal             :     exinfo->fileoffset         = 7456
[LOG] SystemI::createSoundInternal             :     exinfo->numsubsounds       = 1
[LOG] SystemI::createSoundInternal             :     exinfo->inclusionlist      = 0x10abc58e8
[LOG] SystemI::createSoundInternal             :     exinfo->inclusionlistnum   = 1
[LOG] SystemI::createSoundInternal             :     exinfo->suggestedsoundtype = 5
[LOG] SystemI::createSoundInternal             :     exinfo->initialseekpostype = 1
[LOG] SystemI::createSoundInternal             :     Format has 1 subsounds.
[LOG] SystemI::createSoundInternal             :     Create as FMOD_CREATESTREAM
[LOG] System::createSoundInternal              :     decode buffersize = 19200 : blocksize = 256 : format = 2
[LOG] SystemI::createSample                    :     mode 0a010082 length 19200 samples, lengthbytes 1826080
[LOG] SystemI::createSample                    :     channels = 2
[LOG] SystemI::createSample                    :     output = 0x13dcd2fa8
[LOG] OutputSoftware::createSample             :     lengthpcm 19200, lengthbytes 1826080, channels 2, format 2, freq 48000, mode 0a01008a
[LOG] System::createSoundInternal              :     1 subsounds detected.
[LOG] System::createSoundInternal              :     Seek stream to start
[LOG] System::createSoundInternal              :     flush stream buffer
[LOG] System::createSoundInternal              :     flush successful.
[LOG] System::createSoundInternal              :     switch file handle from small blocking single buffered to large nonblocking doublebuffered.
[LOG] SystemI::createSoundInternal             :     done.  OpenState now = FMOD_OPENSTATE_READY.

[LOG] AsyncThread::threadFunc                  : Finished Asynchronous operation on sound 0x10abc5618
[LOG] AsyncThread::threadFunc                  : Starting Asynchronous operation on sound 0x152a05778
[LOG] SystemI::createSoundInternal             :     filename = /Users/AlexRamirez/Documents/10mo Sem/Videojuegos/VideojuegoSegundoCorte/VideojuegoSegundoCorte/Assets/SesionFMOD/FmodVideojuego2/Build/Desktop/Grupo 4.bank : mode 0a010082
[LOG] SystemI::createSoundInternal             :     exinfo->cbsize             = 232
[LOG] SystemI::createSoundInternal             :     exinfo->length             = 2640736
[LOG] SystemI::createSoundInternal             :     exinfo->fileoffset         = 7456
[LOG] SystemI::createSoundInternal             :     exinfo->numsubsounds       = 1
[LOG] SystemI::createSoundInternal             :     exinfo->inclusionlist      = 0x152a61bd8
[LOG] SystemI::createSoundInternal             :     exinfo->inclusionlistnum   = 1
[LOG] SystemI::createSoundInternal             :     exinfo->suggestedsoundtype = 5
[LOG] SystemI::createSoundInternal             :     exinfo->initialseekpostype = 1
[LOG] SystemI::createSoundInternal             :     Format has 1 subsounds.
[LOG] SystemI::createSoundInternal             :     Create as FMOD_CREATESTREAM
[LOG] System::createSoundInternal              :     decode buffersize = 19200 : blocksize = 256 : format = 2
[LOG] SystemI::createSample                    :     mode 0a010082 length 19200 samples, lengthbytes 128192
[LOG] SystemI::createSample                    :     channels = 2
[LOG] SystemI::createSample                    :     output = 0x13dcd2fa8
[LOG] OutputSoftware::createSample             :     lengthpcm 19200, lengthbytes 128192, channels 2, format 2, freq 48000, mode 0a01008a
[LOG] System::createSoundInternal              :     1 subsounds detected.
[LOG] System::createSoundInternal              :     Seek stream to start
[LOG] System::createSoundInternal              :     flush stream buffer
[LOG] SoundI::getSubSound                      :     sound 0x10a9fbc78.  Subsound index 0 / 1
[LOG] SoundSourceInstrumentInstance::startChannelIfReady :     Loading delay exceeded, sound may play at incorrect time
[LOG] SoundI::getSubSound                      :     sound 0x15278b838.  Subsound index 0 / 1
[LOG] SoundSourceInstrumentInstance::startChannelIfReady :     Loading delay exceeded, sound may play at incorrect time
[LOG] SoundI::getSubSound                      :     sound 0x10abc5618.  Subsound index 0 / 1
[LOG] System::createSoundInternal              :     flush successful.
[LOG] System::createSoundInternal              :     switch file handle from small blocking single buffered to large nonblocking doublebuffered.
[LOG] SystemI::createSoundInternal             :     done.  OpenState now = FMOD_OPENSTATE_READY.

[LOG] AsyncThread::threadFunc                  : Finished Asynchronous operation on sound 0x152a05778
[LOG] AsyncThread::threadFunc                  : Starting Asynchronous operation on sound 0x10abc1228
[LOG] SystemI::createSoundInternal             :     filename = /Users/AlexRamirez/Documents/10mo Sem/Videojuegos/VideojuegoSegundoCorte/VideojuegoSegundoCorte/Assets/SesionFMOD/FmodVideojuego2/Build/Desktop/Grupo 4.bank : mode 0a010082
[LOG] SystemI::createSoundInternal             :     exinfo->cbsize             = 232
[LOG] SystemI::createSoundInternal             :     exinfo->length             = 2640736
[LOG] SystemI::createSoundInternal             :     exinfo->fileoffset         = 7456
[LOG] SystemI::createSoundInternal             :     exinfo->numsubsounds       = 1
[LOG] SystemI::createSoundInternal             :     exinfo->inclusionlist      = 0x10abc55b8
[LOG] SystemI::createSoundInternal             :     exinfo->inclusionlistnum   = 1
[LOG] SystemI::createSoundInternal             :     exinfo->suggestedsoundtype = 5
[LOG] SystemI::createSoundInternal             :     exinfo->initialseekpostype = 1
[LOG] SystemI::createSoundInternal             :     Format has 1 subsounds.
[LOG] SystemI::createSoundInternal             :     Create as FMOD_CREATESTREAM
[LOG] System::createSoundInternal              :     decode buffersize = 19200 : blocksize = 256 : format = 2
[LOG] SystemI::createSample                    :     mode 0a010082 length 19200 samples, lengthbytes 1826080
[LOG] SystemI::createSample                    :     channels = 2
[LOG] SystemI::createSample                    :     output = 0x13dcd2fa8
[LOG] OutputSoftware::createSample             :     lengthpcm 19200, lengthbytes 1826080, channels 2, format 2, freq 48000, mode 0a01008a
[LOG] System::createSoundInternal              :     1 subsounds detected.
[LOG] SoundSourceInstrumentInstance::startChannelIfReady :     Loading delay exceeded, sound may play at incorrect time
[LOG] System::createSoundInternal              :     Seek stream to start
[LOG] SoundI::getSubSound                      :     sound 0x152a05778.  Subsound index 0 / 1
[LOG] System::createSoundInternal              :     flush stream buffer
[LOG] SoundSourceInstrumentInstance::startChannelIfReady :     Loading delay exceeded, sound may play at incorrect time
[LOG] System::createSoundInternal              :     flush successful.
[LOG] System::createSoundInternal              :     switch file handle from small blocking single buffered to large nonblocking doublebuffered.
[LOG] SystemI::createSoundInternal             :     done.  OpenState now = FMOD_OPENSTATE_READY.

[LOG] AsyncThread::threadFunc                  : Finished Asynchronous operation on sound 0x10abc1228
[LOG] AsyncThread::threadFunc                  : Starting Asynchronous operation on sound 0x10a9f3728
[LOG] SystemI::createSoundInternal             :     filename = /Users/AlexRamirez/Documents/10mo Sem/Videojuegos/VideojuegoSegundoCorte/VideojuegoSegundoCorte/Assets/SesionFMOD/FmodVideojuego2/Build/Desktop/Grupo 4.bank : mode 0a010082
[LOG] SystemI::createSoundInternal             :     exinfo->cbsize             = 232
[LOG] SystemI::createSoundInternal             :     exinfo->length             = 2640736
[LOG] SystemI::createSoundInternal             :     exinfo->fileoffset         = 7456
[LOG] SystemI::createSoundInternal             :     exinfo->numsubsounds       = 1
[LOG] SystemI::createSoundInternal             :     exinfo->inclusionlist      = 0x10a9f39f8
[LOG] SystemI::createSoundInternal             :     exinfo->inclusionlistnum   = 1
[LOG] SystemI::createSoundInternal             :     exinfo->suggestedsoundtype = 5
[LOG] SoundI::getSubSound                      :     sound 0x10abc1228.  Subsound index 0 / 1
[LOG] SystemI::createSoundInternal             :     exinfo->initialseekpostype = 1
[LOG] SoundSourceInstrumentInstance::startChannelIfReady :     Loading delay exceeded, sound may play at incorrect time
[LOG] SystemI::createSoundInternal             :     Format has 1 subsounds.
[LOG] SystemI::createSoundInternal             :     Create as FMOD_CREATESTREAM
[LOG] System::createSoundInternal              :     decode buffersize = 19200 : blocksize = 256 : format = 2
[LOG] SystemI::createSample                    :     mode 0a010082 length 19200 samples, lengthbytes 128192
[LOG] SystemI::createSample                    :     channels = 2
[LOG] SystemI::createSample                    :     output = 0x13dcd2fa8
[LOG] OutputSoftware::createSample             :     lengthpcm 19200, lengthbytes 128192, channels 2, format 2, freq 48000, mode 0a01008a
[LOG] System::createSoundInternal              :     1 subsounds detected.
[LOG] System::createSoundInternal              :     Seek stream to start
[LOG] System::createSoundInternal              :     flush stream buffer
[LOG] System::createSoundInternal              :     flush successful.
[LOG] System::createSoundInternal              :     switch file handle from small blocking single buffered to large nonblocking doublebuffered.
[LOG] SystemI::createSoundInternal             :     done.  OpenState now = FMOD_OPENSTATE_READY.

[LOG] AsyncThread::threadFunc                  : Finished Asynchronous operation on sound 0x10a9f3728
[LOG] AsyncThread::threadFunc                  : Starting Asynchronous operation on sound 0x10abc13c8
[LOG] SystemI::createSoundInternal             :     filename = /Users/AlexRamirez/Documents/10mo Sem/Videojuegos/VideojuegoSegundoCorte/VideojuegoSegundoCorte/Assets/SesionFMOD/FmodVideojuego2/Build/Desktop/Grupo 4.bank : mode 0a010082
[LOG] SystemI::createSoundInternal             :     exinfo->cbsize             = 232
[LOG] SystemI::createSoundInternal             :     exinfo->length             = 2640736
[LOG] SystemI::createSoundInternal             :     exinfo->fileoffset         = 7456
[LOG] SystemI::createSoundInternal             :     exinfo->numsubsounds       = 1
[LOG] SystemI::createSoundInternal             :     exinfo->inclusionlist      = 0x10abc1698
[LOG] SystemI::createSoundInternal             :     exinfo->inclusionlistnum   = 1
[LOG] SystemI::createSoundInternal             :     exinfo->suggestedsoundtype = 5
[LOG] SystemI::createSoundInternal             :     exinfo->initialseekpostype = 1
[LOG] SystemI::createSoundInternal             :     Format has 1 subsounds.
[LOG] SystemI::createSoundInternal             :     Create as FMOD_CREATESTREAM
[LOG] SoundI::getSubSound                      :     sound 0x10a9f3728.  Subsound index 0 / 1
[LOG] System::createSoundInternal              :     decode buffersize = 19200 : blocksize = 256 : format = 2
[LOG] SystemI::createSample                    :     mode 0a010082 length 19200 samples, lengthbytes 1826080
[LOG] SoundSourceInstrumentInstance::startChannelIfReady :     Loading delay exceeded, sound may play at incorrect time
[LOG] SystemI::createSample                    :     channels = 2
[LOG] SystemI::createSample                    :     output = 0x13dcd2fa8
[LOG] OutputSoftware::createSample             :     lengthpcm 19200, lengthbytes 1826080, channels 2, format 2, freq 48000, mode 0a01008a
[LOG] System::createSoundInternal              :     1 subsounds detected.
[LOG] System::createSoundInternal              :     Seek stream to start
[LOG] System::createSoundInternal              :     flush stream buffer
[LOG] System::createSoundInternal              :     flush successful.
[LOG] System::createSoundInternal              :     switch file handle from small blocking single buffered to large nonblocking doublebuffered.
[LOG] SystemI::createSoundInternal             :     done.  OpenState now = FMOD_OPENSTATE_READY.

[LOG] AsyncThread::threadFunc                  : Finished Asynchronous operation on sound 0x10abc13c8
[LOG] AsyncThread::threadFunc                  : Starting Asynchronous operation on sound 0x10abc16a8
[LOG] SystemI::createSoundInternal             :     filename = /Users/AlexRamirez/Documents/10mo Sem/Videojuegos/VideojuegoSegundoCorte/VideojuegoSegundoCorte/Assets/SesionFMOD/FmodVideojuego2/Build/Desktop/Grupo 4.bank : mode 0a010082
[LOG] SystemI::createSoundInternal             :     exinfo->cbsize             = 232
[LOG] SystemI::createSoundInternal             :     exinfo->length             = 2640736
[LOG] SystemI::createSoundInternal             :     exinfo->fileoffset         = 7456
[LOG] SystemI::createSoundInternal             :     exinfo->numsubsounds       = 1
[LOG] SystemI::createSoundInternal             :     exinfo->inclusionlist      = 0x10abc1978
[LOG] SystemI::createSoundInternal             :     exinfo->inclusionlistnum   = 1
[LOG] SystemI::createSoundInternal             :     exinfo->suggestedsoundtype = 5
[LOG] SystemI::createSoundInternal             :     exinfo->initialseekpostype = 1
[LOG] SystemI::createSoundInternal             :     Format has 1 subsounds.
[LOG] SystemI::createSoundInternal             :     Create as FMOD_CREATESTREAM
[LOG] System::createSoundInternal              :     decode buffersize = 19200 : blocksize = 256 : format = 2
[LOG] SystemI::createSample                    :     mode 0a010082 length 19200 samples, lengthbytes 128192
[LOG] SystemI::createSample                    :     channels = 2
[LOG] SystemI::createSample                    :     output = 0x13dcd2fa8
[LOG] OutputSoftware::createSample             :     lengthpcm 19200, lengthbytes 128192, channels 2, format 2, freq 48000, mode 0a01008a
[LOG] System::createSoundInternal              :     1 subsounds detected.
[LOG] System::createSoundInternal              :     Seek stream to start
[LOG] System::createSoundInternal              :     flush stream buffer
[LOG] SoundI::getSubSound                      :     sound 0x10abc13c8.  Subsound index 0 / 1
[LOG] SoundSourceInstrumentInstance::startChannelIfReady :     Loading delay exceeded, sound may play at incorrect time
[LOG] System::createSoundInternal              :     flush successful.
[LOG] System::createSoundInternal              :     switch file handle from small blocking single buffered to large nonblocking doublebuffered.
[LOG] SystemI::createSoundInternal             :     done.  OpenState now = FMOD_OPENSTATE_READY.

[LOG] AsyncThread::threadFunc                  : Finished Asynchronous operation on sound 0x10abc16a8
[LOG] AsyncThread::threadFunc                  : Starting Asynchronous operation on sound 0x10a9f7538
[LOG] SystemI::createSoundInternal             :     filename = /Users/AlexRamirez/Documents/10mo Sem/Videojuegos/VideojuegoSegundoCorte/VideojuegoSegundoCorte/Assets/SesionFMOD/FmodVideojuego2/Build/Desktop/Grupo 4.bank : mode 0a010082
[LOG] SystemI::createSoundInternal             :     exinfo->cbsize             = 232
[LOG] SystemI::createSoundInternal             :     exinfo->length             = 2640736
[LOG] SystemI::createSoundInternal             :     exinfo->fileoffset         = 7456
[LOG] SystemI::createSoundInternal             :     exinfo->numsubsounds       = 1
[LOG] SystemI::createSoundInternal             :     exinfo->inclusionlist      = 0x10a9f7808
[LOG] SystemI::createSoundInternal             :     exinfo->inclusionlistnum   = 1
[LOG] SystemI::createSoundInternal             :     exinfo->suggestedsoundtype = 5
[LOG] SystemI::createSoundInternal             :     exinfo->initialseekpostype = 1
[LOG] SystemI::createSoundInternal             :     Format has 1 subsounds.
[LOG] SystemI::createSoundInternal             :     Create as FMOD_CREATESTREAM
[LOG] System::createSoundInternal              :     decode buffersize = 19200 : blocksize = 256 : format = 2
[LOG] SystemI::createSample                    :     mode 0a010082 length 19200 samples, lengthbytes 1826080
[LOG] SystemI::createSample                    :     channels = 2
[LOG] SystemI::createSample                    :     output = 0x13dcd2fa8
[LOG] OutputSoftware::createSample             :     lengthpcm 19200, lengthbytes 1826080, channels 2, format 2, freq 48000, mode 0a01008a
[LOG] System::createSoundInternal              :     1 subsounds detected.
[LOG] System::createSoundInternal              :     Seek stream to start
[LOG] System::createSoundInternal              :     flush stream buffer
[LOG] System::createSoundInternal              :     flush successful.
[LOG] System::createSoundInternal              :     switch file handle from small blocking single buffered to large nonblocking doublebuffered.
[LOG] SystemI::createSoundInternal             :     done.  OpenState now = FMOD_OPENSTATE_READY.

[LOG] AsyncThread::threadFunc                  : Finished Asynchronous operation on sound 0x10a9f7538
[LOG] AsyncThread::threadFunc                  : Starting Asynchronous operation on sound 0x10a9f6b88
[LOG] SystemI::createSoundInternal             :     filename = /Users/AlexRamirez/Documents/10mo Sem/Videojuegos/VideojuegoSegundoCorte/VideojuegoSegundoCorte/Assets/SesionFMOD/FmodVideojuego2/Build/Desktop/Grupo 4.bank : mode 0a010082
[LOG] SystemI::createSoundInternal             :     exinfo->cbsize             = 232
[LOG] SystemI::createSoundInternal             :     exinfo->length             = 2640736
[LOG] SystemI::createSoundInternal             :     exinfo->fileoffset         = 7456
[LOG] SystemI::createSoundInternal             :     exinfo->numsubsounds       = 1
[LOG] SystemI::createSoundInternal             :     exinfo->inclusionlist      = 0x10a9f6e58
[LOG] SystemI::createSoundInternal             :     exinfo->inclusionlistnum   = 1
[LOG] SystemI::createSoundInternal             :     exinfo->suggestedsoundtype = 5
[LOG] SystemI::createSoundInternal             :     exinfo->initialseekpostype = 1
[LOG] SystemI::createSoundInternal             :     Format has 1 subsounds.
[LOG] SystemI::createSoundInternal             :     Create as FMOD_CREATESTREAM
[LOG] System::createSoundInternal              :     decode buffersize = 19200 : blocksize = 256 : format = 2
[LOG] SystemI::createSample                    :     mode 0a010082 length 19200 samples, lengthbytes 128192
[LOG] SystemI::createSample                    :     channels = 2
[LOG] SystemI::createSample                    :     output = 0x13dcd2fa8
[LOG] OutputSoftware::createSample             :     lengthpcm 19200, lengthbytes 128192, channels 2, format 2, freq 48000, mode 0a01008a
[LOG] System::createSoundInternal              :     1 subsounds detected.
[LOG] System::createSoundInternal              :     Seek stream to start
[LOG] System::createSoundInternal              :     flush stream buffer
[LOG] System::createSoundInternal              :     flush successful.
[LOG] System::createSoundInternal              :     switch file handle from small blocking single buffered to large nonblocking doublebuffered.
[LOG] SystemI::createSoundInternal             :     done.  OpenState now = FMOD_OPENSTATE_READY.

[LOG] AsyncThread::threadFunc                  : Finished Asynchronous operation on sound 0x10a9f6b88
[LOG] AsyncThread::threadFunc                  : Starting Asynchronous operation on sound 0x10abc3768
[LOG] SystemI::createSoundInternal             :     filename = /Users/AlexRamirez/Documents/10mo Sem/Videojuegos/VideojuegoSegundoCorte/VideojuegoSegundoCorte/Assets/SesionFMOD/FmodVideojuego2/Build/Desktop/Grupo 4.bank : mode 0a010082
[LOG] SystemI::createSoundInternal             :     exinfo->cbsize             = 232
[LOG] SystemI::createSoundInternal             :     exinfo->length             = 2640736
[LOG] SystemI::createSoundInternal             :     exinfo->fileoffset         = 7456
[LOG] SystemI::createSoundInternal             :     exinfo->numsubsounds       = 1
[LOG] SystemI::createSoundInternal             :     exinfo->inclusionlist      = 0x10abc3a38
[LOG] SystemI::createSoundInternal             :     exinfo->inclusionlistnum   = 1
[LOG] SystemI::createSoundInternal             :     exinfo->suggestedsoundtype = 5
[LOG] SystemI::createSoundInternal             :     exinfo->initialseekpostype = 1
[LOG] SystemI::createSoundInternal             :     Format has 1 subsounds.
[LOG] SystemI::createSoundInternal             :     Create as FMOD_CREATESTREAM
[LOG] System::createSoundInternal              :     decode buffersize = 19200 : blocksize = 256 : format = 2
[LOG] SystemI::createSample                    :     mode 0a010082 length 19200 samples, lengthbytes 1826080
[LOG] SystemI::createSample                    :     channels = 2
[LOG] SystemI::createSample                    :     output = 0x13dcd2fa8
[LOG] OutputSoftware::createSample             :     lengthpcm 19200, lengthbytes 1826080, channels 2, format 2, freq 48000, mode 0a01008a
[LOG] System::createSoundInternal              :     1 subsounds detected.
[LOG] System::createSoundInternal              :     Seek stream to start
[LOG] System::createSoundInternal              :     flush stream buffer
[LOG] System::createSoundInternal              :     flush successful.
[LOG] System::createSoundInternal              :     switch file handle from small blocking single buffered to large nonblocking doublebuffered.
[LOG] SystemI::createSoundInternal             :     done.  OpenState now = FMOD_OPENSTATE_READY.

[LOG] AsyncThread::threadFunc                  : Finished Asynchronous operation on sound 0x10abc3768
[LOG] AsyncThread::threadFunc                  : Starting Asynchronous operation on sound 0x10a9f80e8
[LOG] SystemI::createSoundInternal             :     filename = /Users/AlexRamirez/Documents/10mo Sem/Videojuegos/VideojuegoSegundoCorte/VideojuegoSegundoCorte/Assets/SesionFMOD/FmodVideojuego2/Build/Desktop/Grupo 4.bank : mode 0a010082
[LOG] SystemI::createSoundInternal             :     exinfo->cbsize             = 232
[LOG] SystemI::createSoundInternal             :     exinfo->length             = 2640736
[LOG] SystemI::createSoundInternal             :     exinfo->fileoffset         = 7456
[LOG] SystemI::createSoundInternal             :     exinfo->numsubsounds       = 1
[LOG] SystemI::createSoundInternal             :     exinfo->inclusionlist      = 0x10a9f83b8
[LOG] SystemI::createSoundInternal             :     exinfo->inclusionlistnum   = 1
[LOG] SystemI::createSoundInternal             :     exinfo->suggestedsoundtype = 5
[LOG] SystemI::createSoundInternal             :     exinfo->initialseekpostype = 1
[LOG] SystemI::createSoundInternal             :     Format has 1 subsounds.
[LOG] SystemI::createSoundInternal             :     Create as FMOD_CREATESTREAM
[LOG] System::createSoundInternal              :     decode buffersize = 19200 : blocksize = 256 : format = 2
[LOG] SystemI::createSample                    :     mode 0a010082 length 19200 samples, lengthbytes 128192
[LOG] SystemI::createSample                    :     channels = 2
[LOG] SystemI::createSample                    :     output = 0x13dcd2fa8
[LOG] OutputSoftware::createSample             :     lengthpcm 19200, lengthbytes 128192, channels 2, format 2, freq 48000, mode 0a01008a
[LOG] System::createSoundInternal              :     1 subsounds detected.
[LOG] System::createSoundInternal              :     Seek stream to start
[LOG] System::createSoundInternal              :     flush stream buffer
[LOG] SoundI::getSubSound                      :     sound 0x10abc16a8.  Subsound index 0 / 1
[LOG] SoundSourceInstrumentInstance::startChannelIfReady :     Loading delay exceeded, sound may play at incorrect time
[LOG] SoundI::getSubSound                      :     sound 0x10a9f7538.  Subsound index 0 / 1
[LOG] SoundSourceInstrumentInstance::startChannelIfReady :     Loading delay exceeded, sound may play at incorrect time
[LOG] SoundI::getSubSound                      :     sound 0x10a9f6b88.  Subsound index 0 / 1
[LOG] SoundSourceInstrumentInstance::startChannelIfReady :     Loading delay exceeded, sound may play at incorrect time
[LOG] SoundI::getSubSound                      :     sound 0x10abc3768.  Subsound index 0 / 1
[LOG] System::createSoundInternal              :     flush successful.
[LOG] System::createSoundInternal              :     switch file handle from small blocking single buffered to large nonblocking doublebuffered.
[LOG] SoundSourceInstrumentInstance::startChannelIfReady :     Loading delay exceeded, sound may play at incorrect time
[LOG] SystemI::createSoundInternal             :     done.  OpenState now = FMOD_OPENSTATE_READY.

[LOG] AsyncThread::threadFunc                  : Finished Asynchronous operation on sound 0x10a9f80e8
[LOG] AsyncThread::threadFunc                  : Starting Asynchronous operation on sound 0x152a68078
[LOG] SystemI::createSoundInternal             :     filename = /Users/AlexRamirez/Documents/10mo Sem/Videojuegos/VideojuegoSegundoCorte/VideojuegoSegundoCorte/Assets/SesionFMOD/FmodVideojuego2/Build/Desktop/Grupo 4.bank : mode 0a010082
[LOG] SystemI::createSoundInternal             :     exinfo->cbsize             = 232
[LOG] SystemI::createSoundInternal             :     exinfo->length             = 2640736
[LOG] SystemI::createSoundInternal             :     exinfo->fileoffset         = 7456
[LOG] SystemI::createSoundInternal             :     exinfo->numsubsounds       = 1
[LOG] SystemI::createSoundInternal             :     exinfo->inclusionlist      = 0x152a68348
[LOG] SystemI::createSoundInternal             :     exinfo->inclusionlistnum   = 1
[LOG] SystemI::createSoundInternal             :     exinfo->suggestedsoundtype = 5
[LOG] SystemI::createSoundInternal             :     exinfo->initialseekpostype = 1
[LOG] SystemI::createSoundInternal             :     Format has 1 subsounds.
[LOG] SystemI::createSoundInternal             :     Create as FMOD_CREATESTREAM
[LOG] System::createSoundInternal              :     decode buffersize = 19200 : blocksize = 256 : format = 2
[LOG] SystemI::createSample                    :     mode 0a010082 length 19200 samples, lengthbytes 1826080
[LOG] SystemI::createSample                    :     channels = 2
[LOG] SystemI::createSample                    :     output = 0x13dcd2fa8
[LOG] OutputSoftware::createSample             :     lengthpcm 19200, lengthbytes 1826080, channels 2, format 2, freq 48000, mode 0a01008a
[LOG] SoundI::getSubSound                      :     sound 0x10a9f80e8.  Subsound index 0 / 1
[LOG] System::createSoundInternal              :     1 subsounds detected.
[LOG] System::createSoundInternal              :     Seek stream to start
[LOG] System::createSoundInternal              :     flush stream buffer
[LOG] SoundSourceInstrumentInstance::startChannelIfReady :     Loading delay exceeded, sound may play at incorrect time
[LOG] System::createSoundInternal              :     flush successful.
[LOG] System::createSoundInternal              :     switch file handle from small blocking single buffered to large nonblocking doublebuffered.
[LOG] SystemI::createSoundInternal             :     done.  OpenState now = FMOD_OPENSTATE_READY.

[LOG] AsyncThread::threadFunc                  : Finished Asynchronous operation on sound 0x152a68078
[LOG] AsyncThread::threadFunc                  : Starting Asynchronous operation on sound 0x10abc3c68
[LOG] SystemI::createSoundInternal             :     filename = /Users/AlexRamirez/Documents/10mo Sem/Videojuegos/VideojuegoSegundoCorte/VideojuegoSegundoCorte/Assets/SesionFMOD/FmodVideojuego2/Build/Desktop/Grupo 4.bank : mode 0a010082
[LOG] SystemI::createSoundInternal             :     exinfo->cbsize             = 232
[LOG] SystemI::createSoundInternal             :     exinfo->length             = 2640736
[LOG] SystemI::createSoundInternal             :     exinfo->fileoffset         = 7456
[LOG] SystemI::createSoundInternal             :     exinfo->numsubsounds       = 1
[LOG] SystemI::createSoundInternal             :     exinfo->inclusionlist      = 0x10abc3f38
[LOG] SystemI::createSoundInternal             :     exinfo->inclusionlistnum   = 1
[LOG] SystemI::createSoundInternal             :     exinfo->suggestedsoundtype = 5
[LOG] SystemI::createSoundInternal             :     exinfo->initialseekpostype = 1
[LOG] SystemI::createSoundInternal             :     Format has 1 subsounds.
[LOG] SystemI::createSoundInternal             :     Create as FMOD_CREATESTREAM
[LOG] System::createSoundInternal              :     decode buffersize = 19200 : blocksize = 256 : format = 2
[LOG] SystemI::createSample                    :     mode 0a010082 length 19200 samples, lengthbytes 128192
[LOG] SystemI::createSample                    :     channels = 2
[LOG] SystemI::createSample                    :     output = 0x13dcd2fa8
[LOG] OutputSoftware::createSample             :     lengthpcm 19200, lengthbytes 128192, channels 2, format 2, freq 48000, mode 0a01008a
[LOG] System::createSoundInternal              :     1 subsounds detected.
[LOG] System::createSoundInternal              :     Seek stream to start
[LOG] System::createSoundInternal              :     flush stream buffer
[LOG] System::createSoundInternal              :     flush successful.
[LOG] System::createSoundInternal              :     switch file handle from small blocking single buffered to large nonblocking doublebuffered.
[LOG] SystemI::createSoundInternal             :     done.  OpenState now = FMOD_OPENSTATE_READY.

[LOG] AsyncThread::threadFunc                  : Finished Asynchronous operation on sound 0x10abc3c68
[LOG] AsyncThread::threadFunc                  : Starting Asynchronous operation on sound 0x10aa6c908
[LOG] SystemI::createSoundInternal             :     filename = /Users/AlexRamirez/Documents/10mo Sem/Videojuegos/VideojuegoSegundoCorte/VideojuegoSegundoCorte/Assets/SesionFMOD/FmodVideojuego2/Build/Desktop/Grupo 4.bank : mode 0a010082
[LOG] SystemI::createSoundInternal             :     exinfo->cbsize             = 232
[LOG] SystemI::createSoundInternal             :     exinfo->length             = 2640736
[LOG] SystemI::createSoundInternal             :     exinfo->fileoffset         = 7456
[LOG] SystemI::createSoundInternal             :     exinfo->numsubsounds       = 1
[LOG] SystemI::createSoundInternal             :     exinfo->inclusionlist      = 0x10aa6cbd8
[LOG] SystemI::createSoundInternal             :     exinfo->inclusionlistnum   = 1
[LOG] SystemI::createSoundInternal             :     exinfo->suggestedsoundtype = 5
[LOG] SystemI::createSoundInternal             :     exinfo->initialseekpostype = 1
[LOG] SystemI::createSoundInternal             :     Format has 1 subsounds.
[LOG] SystemI::createSoundInternal             :     Create as FMOD_CREATESTREAM
[LOG] System::createSoundInternal              :     decode buffersize = 19200 : blocksize = 256 : format = 2
[LOG] SystemI::createSample                    :     mode 0a010082 length 19200 samples, lengthbytes 1826080
[LOG] SystemI::createSample                    :     channels = 2
[LOG] SystemI::createSample                    :     output = 0x13dcd2fa8
[LOG] OutputSoftware::createSample             :     lengthpcm 19200, lengthbytes 1826080, channels 2, format 2, freq 48000, mode 0a01008a
[LOG] System::createSoundInternal              :     1 subsounds detected.
[LOG] System::createSoundInternal              :     Seek stream to start
[LOG] System::createSoundInternal              :     flush stream buffer
[LOG] System::createSoundInternal              :     flush successful.
[LOG] System::createSoundInternal              :     switch file handle from small blocking single buffered to large nonblocking doublebuffered.
[LOG] SystemI::createSoundInternal             :     done.  OpenState now = FMOD_OPENSTATE_READY.

[LOG] AsyncThread::threadFunc                  : Finished Asynchronous operation on sound 0x10aa6c908
[LOG] AsyncThread::threadFunc                  : Starting Asynchronous operation on sound 0x10a9f9018
[LOG] SystemI::createSoundInternal             :     filename = /Users/AlexRamirez/Documents/10mo Sem/Videojuegos/VideojuegoSegundoCorte/VideojuegoSegundoCorte/Assets/SesionFMOD/FmodVideojuego2/Build/Desktop/Grupo 4.bank : mode 0a010082
[LOG] SystemI::createSoundInternal             :     exinfo->cbsize             = 232
[LOG] SystemI::createSoundInternal             :     exinfo->length             = 2640736
[LOG] SystemI::createSoundInternal             :     exinfo->fileoffset         = 7456
[LOG] SystemI::createSoundInternal             :     exinfo->numsubsounds       = 1
[LOG] SystemI::createSoundInternal             :     exinfo->inclusionlist      = 0x10a9f7458
[LOG] SystemI::createSoundInternal             :     exinfo->inclusionlistnum   = 1
[LOG] SystemI::createSoundInternal             :     exinfo->suggestedsoundtype = 5
[LOG] SystemI::createSoundInternal             :     exinfo->initialseekpostype = 1
[LOG] SoundI::getSubSound                      :     sound 0x152a68078.  Subsound index 0 / 1
[LOG] SystemI::createSoundInternal             :     Format has 1 subsounds.
[LOG] SoundSourceInstrumentInstance::startChannelIfReady :     Loading delay exceeded, sound may play at incorrect time
[LOG] SystemI::createSoundInternal             :     Create as FMOD_CREATESTREAM
[LOG] SoundI::getSubSound                      :     sound 0x10abc3c68.  Subsound index 0 / 1
[LOG] System::createSoundInternal              :     decode buffersize = 19200 : blocksize = 256 : format = 2
[LOG] SoundSourceInstrumentInstance::startChannelIfReady :     Loading delay exceeded, sound may play at incorrect time
[LOG] SystemI::createSample                    :     mode 0a010082 length 19200 samples, lengthbytes 128192
[LOG] SoundI::getSubSound                      :     sound 0x10aa6c908.  Subsound index 0 / 1
[LOG] SystemI::createSample                    :     channels = 2
[LOG] SoundSourceInstrumentInstance::startChannelIfReady :     Loading delay exceeded, sound may play at incorrect time
[LOG] SystemI::createSample                    :     output = 0x13dcd2fa8
[LOG] OutputSoftware::createSample             :     lengthpcm 19200, lengthbytes 128192, channels 2, format 2, freq 48000, mode 0a01008a
[LOG] System::createSoundInternal              :     1 subsounds detected.
[LOG] System::createSoundInternal              :     Seek stream to start
[LOG] System::createSoundInternal              :     flush stream buffer
[LOG] System::createSoundInternal              :     flush successful.
[LOG] System::createSoundInternal              :     switch file handle from small blocking single buffered to large nonblocking doublebuffered.
[LOG] SystemI::createSoundInternal             :     done.  OpenState now = FMOD_OPENSTATE_READY.

[LOG] AsyncThread::threadFunc                  : Finished Asynchronous operation on sound 0x10a9f9018
[LOG] SoundI::getSubSound                      : sound 0x10a9f9018.  Subsound index 0 / 1
[LOG] SoundSourceInstrumentInstance::startChannelIfReady : Loading delay exceeded, sound may play at incorrect time
[LOG] Manager::readBank                        : fileversion = 72, compatVersion = 70 (oldest = 44, newest = 72)
[LOG] Manager::readBank                        : fileversion = 72, compatVersion = 70 (oldest = 44, newest = 72)
[LOG] Manager::readBank                        : fileversion = 72, compatVersion = 70 (oldest = 44, newest = 72)
[LOG] Manager::readBank                        : fileversion = 72, compatVersion = 70 (oldest = 44, newest = 72)
[LOG] Manager::readBank                        : fileversion = 72, compatVersion = 70 (oldest = 44, newest = 72)
[LOG] Manager::readBank                        : fileversion = 72, compatVersion = 70 (oldest = 44, newest = 72)
[WRN] ObjectLookup::get                        : Lookup failed for BusWithInputs: {7e4b574c-0aab-4602-a845-04fc784954be}
[WRN] ObjectLookup::get                        : Lookup failed for BusWithInputs: {7e4b574c-0aab-4602-a845-04fc784954be}
[WRN] ObjectLookup::get                        : Lookup failed for BusWithInputs: {7e4b574c-0aab-4602-a845-04fc784954be}
[WRN] ObjectLookup::get                        : Lookup failed for BusWithInputs: {7e4b574c-0aab-4602-a845-04fc784954be}
[WRN] ObjectLookup::get                        : Lookup failed for BusWithSends: {08c919d1-8c4f-4131-884e-b811dbd44b76}
[WRN] ObjectLookup::get                        : Lookup failed for BusWithSends: {08c919d1-8c4f-4131-884e-b811dbd44b76}
[LOG] Manager::readBank                        : fileversion = 72, compatVersion = 70 (oldest = 44, newest = 72)
[LOG] Manager::readBank                        : fileversion = 72, compatVersion = 70 (oldest = 44, newest = 72)
[LOG] SoundI::release                          : (null) (0x10a9f80e8)
[LOG] SoundI::release                          : remove stream samples. (0x10a9f80e8)
[LOG] SoundI::release                          :     (null) (0x10a9c4a78)
[LOG] SoundI::release                          : release subsounds. (0x10a9f80e8)
[LOG] SoundI::release                          :     (null) (0x10a9c4c08)
[LOG] SoundI::release                          : release codec. (0x10a9f80e8)
[LOG] SoundI::release                          : (null) (0x10abc3768)
[LOG] SoundI::release                          : remove stream samples. (0x10abc3768)
[LOG] SoundI::release                          :     (null) (0x10a9c4398)
[LOG] SoundI::release                          : release subsounds. (0x10abc3768)
[LOG] SoundI::release                          :     (null) (0x10a9c4528)
[LOG] SoundI::release                          : release codec. (0x10abc3768)
[LOG] SoundI::release                          : (null) (0x1527ad468)
[LOG] SoundI::release                          : remove stream samples. (0x1527ad468)
[LOG] SoundI::release                          :     (null) (0x12cb241c8)
[LOG] SoundI::release                          : release subsounds. (0x1527ad468)
[LOG] SoundI::release                          :     (null) (0x15275f688)
[LOG] SoundI::release                          : release codec. (0x1527ad468)
[LOG] AsyncThread::threadFunc                  : Starting Asynchronous operation on sound 0x10a9dd668
[LOG] AsyncThread::threadFunc                  : Finished Asynchronous operation on sound 0x10a9dd668
[LOG] AsyncThread::threadFunc                  : Starting Asynchronous operation on sound 0x10a9df818
[LOG] AsyncThread::threadFunc                  : Finished Asynchronous operation on sound 0x10a9df818
[LOG] SoundI::release                          : (null) (0x10a9f9018)
[LOG] SoundI::release                          : remove stream samples. (0x10a9f9018)
[LOG] SoundI::release                          :     (null) (0x10a9acca8)
[LOG] SoundI::release                          : release subsounds. (0x10a9f9018)
[LOG] SoundI::release                          :     (null) (0x10a9ace38)
[LOG] SoundI::release                          : release codec. (0x10a9f9018)
[LOG] SoundI::release                          : (null) (0x10aa6c908)
[LOG] SoundI::release                          : remove stream samples. (0x10aa6c908)
[LOG] SoundI::release                          :     (null) (0x1595f22c8)
[LOG] SoundI::release                          : release subsounds. (0x10aa6c908)
[LOG] SoundI::release                          :     (null) (0x10aea2d98)
[LOG] SoundI::release                          : release codec. (0x10aa6c908)
[LOG] SoundI::release                          : (null) (0x10abc3c68)
[LOG] SoundI::release                          : remove stream samples. (0x10abc3c68)
[LOG] SoundI::release                          :     (null) (0x10a9abf08)
[LOG] SoundI::release                          : release subsounds. (0x10abc3c68)
[LOG] SoundI::release                          :     (null) (0x10aeb3e08)
[LOG] SoundI::release                          : release codec. (0x10abc3c68)
[LOG] SoundI::release                          : (null) (0x152a68078)
[LOG] SoundI::release                          : remove stream samples. (0x152a68078)
[LOG] SoundI::release                          :     (null) (0x152a8ef08)
[LOG] SoundI::release                          : release subsounds. (0x152a68078)
[LOG] SoundI::release                          :     (null) (0x152a8e4a8)
[LOG] SoundI::release                          : release codec. (0x152a68078)
[LOG] SoundI::release                          : (null) (0x10a9f6b88)
[LOG] SoundI::release                          : remove stream samples. (0x10a9f6b88)
[LOG] SoundI::release                          :     (null) (0x12cbcadd8)
[LOG] SoundI::release                          : release subsounds. (0x10a9f6b88)
[LOG] SoundI::release                          :     (null) (0x12cbcaf68)
[LOG] SoundI::release                          : release codec. (0x10a9f6b88)
[LOG] SoundI::release                          : (null) (0x10a9f7538)
[LOG] SoundI::release                          : remove stream samples. (0x10a9f7538)
[LOG] SoundI::release                          :     (null) (0x12cb4b168)
[LOG] SoundI::release                          : release subsounds. (0x10a9f7538)
[LOG] SoundI::release                          :     (null) (0x12cbcac38)
[LOG] SoundI::release                          : release codec. (0x10a9f7538)
[LOG] SoundI::release                          : (null) (0x10abc16a8)
[LOG] SoundI::release                          : remove stream samples. (0x10abc16a8)
[LOG] SoundI::release                          :     (null) (0x10a9c2d58)
[LOG] SoundI::release                          : release subsounds. (0x10abc16a8)
[LOG] SoundI::release                          :     (null) (0x10a9c2ee8)
[LOG] SoundI::release                          : release codec. (0x10abc16a8)
[LOG] SoundI::release                          : (null) (0x10abc13c8)
[LOG] SoundI::release                          : remove stream samples. (0x10abc13c8)
[LOG] SoundI::release                          :     (null) (0x10a9e15a8)
[LOG] SoundI::release                          : release subsounds. (0x10abc13c8)
[LOG] SoundI::release                          :     (null) (0x10a9e1738)
[LOG] SoundI::release                          : release codec. (0x10abc13c8)
[LOG] SoundI::release                          : (null) (0x10a9f3728)
[LOG] SoundI::release                          : remove stream samples. (0x10a9f3728)
[LOG] SoundI::release                          :     (null) (0x10a9e1278)
[LOG] SoundI::release                          : release subsounds. (0x10a9f3728)
[LOG] SoundI::release                          :     (null) (0x10a9e1408)
[LOG] SoundI::release                          : release codec. (0x10a9f3728)
[LOG] SoundI::release                          : (null) (0x10abc1228)
[LOG] SoundI::release                          : remove stream samples. (0x10abc1228)
[LOG] SoundI::release                          :     (null) (0x10a9de268)
[LOG] SoundI::release                          : release subsounds. (0x10abc1228)
[LOG] SoundI::release                          :     (null) (0x10ab9af98)
[LOG] SoundI::release                          : release codec. (0x10abc1228)
[LOG] SoundI::release                          : (null) (0x152a05778)
[LOG] SoundI::release                          : remove stream samples. (0x152a05778)
[LOG] SoundI::release                          :     (null) (0x10a9dfa18)
[LOG] SoundI::release                          : release subsounds. (0x152a05778)
[LOG] SoundI::release                          :     (null) (0x10a9df818)
[LOG] SoundI::release                          : release codec. (0x152a05778)
[LOG] SoundI::release                          : (null) (0x10abc5618)
[LOG] SoundI::release                          : remove stream samples. (0x10abc5618)
[LOG] SoundI::release                          :     (null) (0x10ab98b38)
[LOG] SoundI::release                          : release subsounds. (0x10abc5618)
[LOG] SoundI::release                          :     (null) (0x10a9dd668)
[LOG] SoundI::release                          : release codec. (0x10abc5618)
[LOG] SoundI::release                          : (null) (0x15278b838)
[LOG] SoundI::release                          : remove stream samples. (0x15278b838)
[LOG] SoundI::release                          :     (null) (0x10a9dc958)
[LOG] SoundI::release                          : release subsounds. (0x15278b838)
[LOG] SoundI::release                          :     (null) (0x10a9dcae8)
[LOG] SoundI::release                          : release codec. (0x15278b838)
[LOG] SoundI::release                          : (null) (0x10a9fbc78)
[LOG] SoundI::release                          : remove stream samples. (0x10a9fbc78)
[LOG] SoundI::release                          :     (null) (0x10a9dbf18)
[LOG] SoundI::release                          : release subsounds. (0x10a9fbc78)
[LOG] SoundI::release                          :     (null) (0x10a9dc0a8)
[LOG] SoundI::release                          : release codec. (0x10a9fbc78)
[LOG] SoundI::release                          : (null) (0x10abc9f38)
[LOG] SoundI::release                          : remove stream samples. (0x10abc9f38)
[LOG] SoundI::release                          :     (null) (0x10a9dbc78)
[LOG] SoundI::release                          : release subsounds. (0x10abc9f38)
[LOG] SoundI::release                          :     (null) (0x10ab97198)
[LOG] SoundI::release                          : release codec. (0x10abc9f38)
[LOG] SoundI::release                          : (null) (0x15278ac38)
[LOG] SoundI::release                          : remove stream samples. (0x15278ac38)
[LOG] SoundI::release                          :     (null) (0x10aef6008)
[LOG] SoundI::release                          : release subsounds. (0x15278ac38)
[LOG] SoundI::release                          :     (null) (0x10a9db1d8)
[LOG] SoundI::release                          : release codec. (0x15278ac38)
[LOG] SoundI::release                          : (null) (0x15278af98)
[LOG] SoundI::release                          : remove stream samples. (0x15278af98)
[LOG] SoundI::release                          :     (null) (0x10aef5e78)
[LOG] SoundI::release                          : release subsounds. (0x15278af98)
[LOG] SoundI::release                          :     (null) (0x10a9d85b8)
[LOG] SoundI::release                          : release codec. (0x15278af98)
[LOG] SoundI::release                          : (null) (0x10abcefb8)
[LOG] SoundI::release                          : remove stream samples. (0x10abcefb8)
[LOG] SoundI::release                          :     (null) (0x10a9d7748)
[LOG] SoundI::release                          : release subsounds. (0x10abcefb8)
[LOG] SoundI::release                          :     (null) (0x15958af88)
[LOG] SoundI::release                          : release codec. (0x10abcefb8)
[LOG] SoundI::release                          : (null) (0x13dcf87a8)
[LOG] SoundI::release                          : remove stream samples. (0x13dcf87a8)
[LOG] SoundI::release                          :     (null) (0x10a9d5668)
[LOG] SoundI::release                          : release subsounds. (0x13dcf87a8)
[LOG] SoundI::release                          :     (null) (0x10a9d75a8)
[LOG] SoundI::release                          : release codec. (0x13dcf87a8)
[LOG] SoundI::release                          : (null) (0x10abd26c8)
[LOG] SoundI::release                          : remove stream samples. (0x10abd26c8)
[LOG] SoundI::release                          :     (null) (0x10a9eb6d8)
[LOG] SoundI::release                          : release subsounds. (0x10abd26c8)
[LOG] SoundI::release                          :     (null) (0x10a9eb868)
[LOG] SoundI::release                          : release codec. (0x10abd26c8)
[LOG] SoundI::release                          : (null) (0x10abd28d8)
[LOG] SoundI::release                          : remove stream samples. (0x10abd28d8)
[LOG] SoundI::release                          :     (null) (0x10a9eaca8)
[LOG] SoundI::release                          : release subsounds. (0x10abd28d8)
[LOG] SoundI::release                          :     (null) (0x10aba89c8)
[LOG] SoundI::release                          : release codec. (0x10abd28d8)
[LOG] SoundI::release                          : (null) (0x13dc464a8)
[LOG] SoundI::release                          : remove stream samples. (0x13dc464a8)
[LOG] SoundI::release                          :     (null) (0x10a9ea408)
[LOG] SoundI::release                          : release subsounds. (0x13dc464a8)
[LOG] SoundI::release                          :     (null) (0x152774088)
[LOG] SoundI::release                          : release codec. (0x13dc464a8)
[LOG] SoundI::release                          : (null) (0x13dc546c8)
[LOG] SoundI::release                          : remove stream samples. (0x13dc546c8)
[LOG] SoundI::release                          :     (null) (0x10a9e9898)
[LOG] SoundI::release                          : release subsounds. (0x13dc546c8)
[LOG] SoundI::release                          :     (null) (0x10a9e8938)
[LOG] SoundI::release                          : release codec. (0x13dc546c8)
[LOG] SoundI::release                          : (null) (0x152adbc68)
[LOG] SoundI::release                          : remove stream samples. (0x152adbc68)
[LOG] SoundI::release                          :     (null) (0x10a9e8608)
[LOG] SoundI::release                          : release subsounds. (0x152adbc68)
[LOG] SoundI::release                          :     (null) (0x10a9e8798)
[LOG] SoundI::release                          : release codec. (0x152adbc68)
[LOG] SoundI::release                          : (null) (0x159584808)
[LOG] SoundI::release                          : remove stream samples. (0x159584808)
[LOG] SoundI::release                          :     (null) (0x10a9e6778)
[LOG] SoundI::release                          : release subsounds. (0x159584808)
[LOG] SoundI::release                          :     (null) (0x10a9e6908)
[LOG] SoundI::release                          : release codec. (0x159584808)
[LOG] SoundI::release                          : (null) (0x12cb34fd8)
[LOG] SoundI::release                          : remove stream samples. (0x12cb34fd8)
[LOG] SoundI::release                          :     (null) (0x10a9e5088)
[LOG] SoundI::release                          : release subsounds. (0x12cb34fd8)
[LOG] SoundI::release                          :     (null) (0x10a9e5218)
[LOG] SoundI::release                          : release codec. (0x12cb34fd8)
[LOG] SoundI::release                          : (null) (0x10a918628)
[LOG] SoundI::release                          : remove stream samples. (0x10a918628)
[LOG] SoundI::release                          :     (null) (0x10a9f9c98)
[LOG] SoundI::release                          : release subsounds. (0x10a918628)
[LOG] SoundI::release                          :     (null) (0x10ab91608)
[LOG] SoundI::release                          : release codec. (0x10a918628)
[LOG] SoundI::release                          : (null) (0x1595b9168)
[LOG] SoundI::release                          : remove stream samples. (0x1595b9168)
[LOG] SoundI::release                          :     (null) (0x10aa6d608)
[LOG] SoundI::release                          : release subsounds. (0x1595b9168)
[LOG] SoundI::release                          :     (null) (0x152752158)
[LOG] SoundI::release                          : release codec. (0x1595b9168)
[LOG] SoundI::release                          : (null) (0x13dc61da8)
[LOG] SoundI::release                          : remove stream samples. (0x13dc61da8)
[LOG] SoundI::release                          :     (null) (0x10a9f9638)
[LOG] SoundI::release                          : release subsounds. (0x13dc61da8)
[LOG] SoundI::release                          :     (null) (0x10a9f97c8)
[LOG] SoundI::release                          : release codec. (0x13dc61da8)
[LOG] SoundI::release                          : (null) (0x1595b86f8)
[LOG] SoundI::release                          : remove stream samples. (0x1595b86f8)
[LOG] SoundI::release                          :     (null) (0x10a9f83c8)
[LOG] SoundI::release                          : release subsounds. (0x1595b86f8)
[LOG] SoundI::release                          :     (null) (0x10a9f8558)
[LOG] SoundI::release                          : release codec. (0x1595b86f8)
[LOG] SoundI::release                          : (null) (0x15275fb68)
[LOG] SoundI::release                          : remove stream samples. (0x15275fb68)
[LOG] SoundI::release                          :     (null) (0x10a9f65c8)
[LOG] SoundI::release                          : release subsounds. (0x15275fb68)
[LOG] SoundI::release                          :     (null) (0x10a9f6758)
[LOG] SoundI::release                          : release codec. (0x15275fb68)
[LOG] SoundI::release                          : (null) (0x12cb24358)
[LOG] SoundI::release                          : remove stream samples. (0x12cb24358)
[LOG] SoundI::release                          :     (null) (0x10a9f3598)
[LOG] SoundI::release                          : release subsounds. (0x12cb24358)
[LOG] SoundI::release                          :     (null) (0x10abc5088)
[LOG] SoundI::release                          : release codec. (0x12cb24358)
[LOG] SoundI::release                          : (null) (0x12cb1cc58)
[LOG] SoundI::release                          : remove stream samples. (0x12cb1cc58)
[LOG] SoundI::release                          :     (null) (0x13dcf8b78)
[LOG] SoundI::release                          : release subsounds. (0x12cb1cc58)
[LOG] SoundI::release                          :     (null) (0x10a9fb538)
[LOG] SoundI::release                          : release codec. (0x12cb1cc58)
[LOG] SoundI::release                          : (null) (0x1527877d8)
[LOG] SoundI::release                          : remove stream samples. (0x1527877d8)
[LOG] SoundI::release                          :     (null) (0x1527899d8)
[LOG] SoundI::release                          : release subsounds. (0x1527877d8)
[LOG] SoundI::release                          :     (null) (0x13dc54528)
[LOG] SoundI::release                          : release codec. (0x1527877d8)
[LOG] SoundI::release                          : (null) (0x12cba6c78)
[LOG] SoundI::release                          : remove stream samples. (0x12cba6c78)
[LOG] SoundI::release                          :     (null) (0x10a963ee8)
[LOG] SoundI::release                          : release subsounds. (0x12cba6c78)
[LOG] SoundI::release                          :     (null) (0x12cb34958)
[LOG] SoundI::release                          : release codec. (0x12cba6c78)
[LOG] SoundI::release                          : (null) (0x12cb1d278)
[LOG] SoundI::release                          : remove stream samples. (0x12cb1d278)
[LOG] SoundI::release                          :     (null) (0x10aa66518)
[LOG] SoundI::release                          : release subsounds. (0x12cb1d278)
[LOG] SoundI::release                          :     (null) (0x1595b8368)
[LOG] SoundI::release                          : release codec. (0x12cb1d278)
[LOG] SoundI::release                          : (null) (0x152750e68)
[LOG] SoundI::release                          : remove stream samples. (0x152750e68)
[LOG] SoundI::release                          :     (null) (0x10a9e80c8)
[LOG] SoundI::release                          : release subsounds. (0x152750e68)
[LOG] SoundI::release                          :     (null) (0x10a9e8258)
[LOG] SoundI::release                          : release codec. (0x152750e68)
[LOG] Thread::callback                         : * FMOD Studio update thread finished
[LOG] Thread::close                            : FMOD Studio update thread thread destroyed
[LOG] Thread::callback                         : * FMOD Studio bank load thread finished
[LOG] Thread::close                            : FMOD Studio bank load thread thread destroyed
[LOG] Profile::disconnectAll                   : Profiler disconnecting all clients
[LOG] Thread::callback                         : * FMOD Studio sample load thread finished
[LOG] Thread::close                            : FMOD Studio sample load thread thread destroyed
[LOG] LiveUpdate::release                      : 
[LOG] SystemI::close                           : 
[LOG] SystemI::close                           : Stop all sounds
[LOG] Thread::callback                         : * FMOD stream thread finished
[LOG] Thread::close                            : FMOD stream thread thread destroyed
[LOG] SystemI::close                           : Stream thread destroyed
[LOG] Thread::callback                         : * FMOD mixer thread finished
[LOG] Thread::close                            : FMOD mixer thread thread destroyed
[LOG] SystemI::close                           : Free master channel group.
[LOG] SystemI::close                           : Remove 'master' sound group.
[LOG] SystemI::close                           : Free software output.
[LOG] SystemI::close                           : Free emulated output.
[LOG] SystemI::close                           : Free channel pool.
[LOG] SystemI::close                           : done.

